mode: set
TrafficPolice/cmd/web/main.go:18.13,20.2 1 0
TrafficPolice/docs/docs.go:1583.13,1585.2 1 0
TrafficPolice/internal/repository/postresql/auth.go:17.62,19.2 1 0
TrafficPolice/internal/repository/postresql/auth.go:23.66,30.2 4 0
TrafficPolice/internal/repository/postresql/auth.go:35.67,44.2 2 0
TrafficPolice/internal/repository/postresql/auth.go:49.69,52.2 2 0
TrafficPolice/internal/repository/postresql/auth.go:56.75,59.2 2 0
TrafficPolice/internal/repository/postresql/auth.go:63.77,69.16 5 0
TrafficPolice/internal/repository/postresql/auth.go:69.16,70.36 1 0
TrafficPolice/internal/repository/postresql/auth.go:70.36,72.4 1 0
TrafficPolice/internal/repository/postresql/auth.go:73.3,73.32 1 0
TrafficPolice/internal/repository/postresql/auth.go:75.2,77.18 2 0
TrafficPolice/internal/repository/postresql/auth.go:82.75,85.27 2 0
TrafficPolice/internal/repository/postresql/auth.go:85.27,87.3 1 0
TrafficPolice/internal/repository/postresql/auth.go:88.2,88.12 1 0
TrafficPolice/internal/repository/postresql/auth.go:95.97,101.16 3 0
TrafficPolice/internal/repository/postresql/auth.go:101.16,103.3 1 0
TrafficPolice/internal/repository/postresql/auth.go:105.2,105.22 1 0
TrafficPolice/internal/repository/postresql/camera.go:16.66,18.2 1 0
TrafficPolice/internal/repository/postresql/camera.go:23.90,28.16 3 0
TrafficPolice/internal/repository/postresql/camera.go:28.16,30.3 1 0
TrafficPolice/internal/repository/postresql/camera.go:32.2,32.26 1 0
TrafficPolice/internal/repository/postresql/camera.go:40.87,45.16 4 0
TrafficPolice/internal/repository/postresql/camera.go:45.16,46.36 1 0
TrafficPolice/internal/repository/postresql/camera.go:46.36,48.4 1 0
TrafficPolice/internal/repository/postresql/camera.go:49.3,49.17 1 0
TrafficPolice/internal/repository/postresql/camera.go:52.2,52.24 1 0
TrafficPolice/internal/repository/postresql/case.go:17.62,19.2 1 0
TrafficPolice/internal/repository/postresql/case.go:25.70,33.2 3 0
TrafficPolice/internal/repository/postresql/case.go:47.76,57.35 4 0
TrafficPolice/internal/repository/postresql/case.go:57.35,59.3 1 0
TrafficPolice/internal/repository/postresql/case.go:60.2,60.16 1 0
TrafficPolice/internal/repository/postresql/case.go:60.16,62.3 1 0
TrafficPolice/internal/repository/postresql/case.go:64.2,64.15 1 0
TrafficPolice/internal/repository/postresql/case.go:71.108,74.2 2 0
TrafficPolice/internal/repository/postresql/case.go:80.92,83.2 2 0
TrafficPolice/internal/repository/postresql/case.go:98.86,110.16 4 0
TrafficPolice/internal/repository/postresql/case.go:110.16,112.3 1 0
TrafficPolice/internal/repository/postresql/case.go:113.2,113.15 1 0
TrafficPolice/internal/repository/postresql/checker.go:14.68,16.2 1 0
TrafficPolice/internal/repository/postresql/checker.go:20.80,26.16 4 0
TrafficPolice/internal/repository/postresql/checker.go:26.16,29.3 2 0
TrafficPolice/internal/repository/postresql/checker.go:30.2,30.18 1 0
TrafficPolice/internal/repository/postresql/contactinfo.go:14.76,16.2 1 0
TrafficPolice/internal/repository/postresql/contactinfo.go:18.93,24.31 4 0
TrafficPolice/internal/repository/postresql/contactinfo.go:24.31,25.26 1 0
TrafficPolice/internal/repository/postresql/contactinfo.go:25.26,28.4 2 0
TrafficPolice/internal/repository/postresql/contactinfo.go:29.3,29.32 1 0
TrafficPolice/internal/repository/postresql/contactinfo.go:29.32,31.4 1 0
TrafficPolice/internal/repository/postresql/contactinfo.go:34.2,34.62 1 0
TrafficPolice/internal/repository/postresql/director.go:18.70,20.2 1 0
TrafficPolice/internal/repository/postresql/director.go:28.72,30.16 2 0
TrafficPolice/internal/repository/postresql/director.go:30.16,32.3 1 0
TrafficPolice/internal/repository/postresql/director.go:34.2,35.18 2 0
TrafficPolice/internal/repository/postresql/director.go:35.18,39.17 3 0
TrafficPolice/internal/repository/postresql/director.go:39.17,41.12 2 0
TrafficPolice/internal/repository/postresql/director.go:44.3,44.38 1 0
TrafficPolice/internal/repository/postresql/director.go:47.2,47.26 1 0
TrafficPolice/internal/repository/postresql/director.go:47.26,49.17 2 0
TrafficPolice/internal/repository/postresql/director.go:49.17,51.12 2 0
TrafficPolice/internal/repository/postresql/director.go:54.3,55.30 2 0
TrafficPolice/internal/repository/postresql/director.go:55.30,60.18 3 0
TrafficPolice/internal/repository/postresql/director.go:60.18,62.13 2 0
TrafficPolice/internal/repository/postresql/director.go:65.4,65.49 1 0
TrafficPolice/internal/repository/postresql/director.go:68.3,68.44 1 0
TrafficPolice/internal/repository/postresql/director.go:71.2,71.22 1 0
TrafficPolice/internal/repository/postresql/director.go:86.50,88.16 2 0
TrafficPolice/internal/repository/postresql/director.go:88.16,89.36 1 0
TrafficPolice/internal/repository/postresql/director.go:89.36,91.4 1 0
TrafficPolice/internal/repository/postresql/director.go:94.2,95.18 2 0
TrafficPolice/internal/repository/postresql/director.go:95.18,99.17 3 0
TrafficPolice/internal/repository/postresql/director.go:99.17,101.12 2 0
TrafficPolice/internal/repository/postresql/director.go:104.3,106.36 2 0
TrafficPolice/internal/repository/postresql/director.go:106.36,108.4 1 0
TrafficPolice/internal/repository/postresql/director.go:109.3,109.54 1 0
TrafficPolice/internal/repository/postresql/director.go:112.2,112.23 1 0
TrafficPolice/internal/repository/postresql/expert.go:16.66,18.2 1 0
TrafficPolice/internal/repository/postresql/expert.go:23.86,28.35 4 0
TrafficPolice/internal/repository/postresql/expert.go:28.35,30.3 1 0
TrafficPolice/internal/repository/postresql/expert.go:31.2,31.16 1 0
TrafficPolice/internal/repository/postresql/expert.go:31.16,33.3 1 0
TrafficPolice/internal/repository/postresql/expert.go:35.2,35.20 1 0
TrafficPolice/internal/repository/postresql/expert.go:44.86,52.35 4 0
TrafficPolice/internal/repository/postresql/expert.go:52.35,54.3 1 0
TrafficPolice/internal/repository/postresql/expert.go:55.2,55.16 1 0
TrafficPolice/internal/repository/postresql/expert.go:55.16,57.3 1 0
TrafficPolice/internal/repository/postresql/expert.go:59.2,59.20 1 0
TrafficPolice/internal/repository/postresql/expert.go:78.90,90.35 4 0
TrafficPolice/internal/repository/postresql/expert.go:90.35,92.3 1 0
TrafficPolice/internal/repository/postresql/expert.go:93.2,93.16 1 0
TrafficPolice/internal/repository/postresql/expert.go:93.16,95.3 1 0
TrafficPolice/internal/repository/postresql/expert.go:97.2,97.15 1 0
TrafficPolice/internal/repository/postresql/expert.go:104.86,115.2 2 0
TrafficPolice/internal/repository/postresql/expert.go:121.78,130.2 2 0
TrafficPolice/internal/repository/postresql/expert.go:138.96,144.2 4 0
TrafficPolice/internal/repository/postresql/expert.go:150.87,156.2 4 0
TrafficPolice/internal/repository/postresql/pagination.go:14.74,18.2 1 0
TrafficPolice/internal/repository/postresql/pagination.go:20.77,26.16 5 0
TrafficPolice/internal/repository/postresql/pagination.go:26.16,28.3 1 0
TrafficPolice/internal/repository/postresql/pagination.go:30.2,30.26 1 0
TrafficPolice/internal/repository/postresql/rating.go:15.66,19.2 1 0
TrafficPolice/internal/repository/postresql/rating.go:28.40,30.16 2 0
TrafficPolice/internal/repository/postresql/rating.go:30.16,32.3 1 0
TrafficPolice/internal/repository/postresql/rating.go:34.2,35.18 2 0
TrafficPolice/internal/repository/postresql/rating.go:35.18,38.17 3 0
TrafficPolice/internal/repository/postresql/rating.go:38.17,39.12 1 0
TrafficPolice/internal/repository/postresql/rating.go:42.3,42.47 1 0
TrafficPolice/internal/repository/postresql/rating.go:45.2,45.29 1 0
TrafficPolice/internal/repository/postresql/rating.go:55.85,58.30 2 0
TrafficPolice/internal/repository/postresql/rating.go:58.30,59.16 1 0
TrafficPolice/internal/repository/postresql/rating.go:59.16,61.4 1 0
TrafficPolice/internal/repository/postresql/rating.go:61.9,63.4 1 0
TrafficPolice/internal/repository/postresql/rating.go:66.2,66.62 1 0
TrafficPolice/internal/repository/postresql/rating.go:72.68,75.2 2 0
TrafficPolice/internal/repository/postresql/rating.go:83.71,85.16 2 0
TrafficPolice/internal/repository/postresql/rating.go:85.16,87.3 1 0
TrafficPolice/internal/repository/postresql/rating.go:89.2,90.18 2 0
TrafficPolice/internal/repository/postresql/rating.go:90.18,94.17 3 0
TrafficPolice/internal/repository/postresql/rating.go:94.17,95.12 1 0
TrafficPolice/internal/repository/postresql/rating.go:98.3,98.30 1 0
TrafficPolice/internal/repository/postresql/rating.go:101.2,101.19 1 0
TrafficPolice/internal/repository/postresql/rating.go:108.98,110.16 2 0
TrafficPolice/internal/repository/postresql/rating.go:110.16,112.3 1 0
TrafficPolice/internal/repository/postresql/rating.go:114.2,115.18 2 0
TrafficPolice/internal/repository/postresql/rating.go:115.18,118.17 3 0
TrafficPolice/internal/repository/postresql/rating.go:118.17,120.12 2 0
TrafficPolice/internal/repository/postresql/rating.go:123.3,123.36 1 0
TrafficPolice/internal/repository/postresql/rating.go:126.2,126.21 1 0
TrafficPolice/internal/repository/postresql/rating.go:140.97,143.29 2 0
TrafficPolice/internal/repository/postresql/rating.go:143.29,144.26 1 0
TrafficPolice/internal/repository/postresql/rating.go:144.26,146.4 1 0
TrafficPolice/internal/repository/postresql/rating.go:146.9,148.4 1 0
TrafficPolice/internal/repository/postresql/rating.go:151.2,151.62 1 0
TrafficPolice/internal/repository/postresql/rating.go:157.50,160.2 2 0
TrafficPolice/internal/repository/postresql/training.go:16.70,20.2 1 0
TrafficPolice/internal/repository/postresql/training.go:41.26,49.16 3 0
TrafficPolice/internal/repository/postresql/training.go:49.16,51.3 1 0
TrafficPolice/internal/repository/postresql/training.go:53.2,54.18 2 0
TrafficPolice/internal/repository/postresql/training.go:54.18,63.17 3 0
TrafficPolice/internal/repository/postresql/training.go:63.17,65.12 2 0
TrafficPolice/internal/repository/postresql/training.go:68.3,68.27 1 0
TrafficPolice/internal/repository/postresql/training.go:71.2,71.21 1 0
TrafficPolice/internal/repository/postresql/training.go:71.21,73.3 1 0
TrafficPolice/internal/repository/postresql/training.go:75.2,75.19 1 0
TrafficPolice/internal/repository/postresql/transport.go:15.72,19.2 1 0
TrafficPolice/internal/repository/postresql/transport.go:24.105,30.16 4 0
TrafficPolice/internal/repository/postresql/transport.go:30.16,31.36 1 0
TrafficPolice/internal/repository/postresql/transport.go:31.36,33.4 1 0
TrafficPolice/internal/repository/postresql/transport.go:35.2,35.25 1 0
TrafficPolice/internal/repository/postresql/violation.go:14.70,16.2 1 0
TrafficPolice/internal/repository/postresql/violation.go:18.87,22.31 3 0
TrafficPolice/internal/repository/postresql/violation.go:22.31,24.3 1 0
TrafficPolice/internal/repository/postresql/violation.go:26.2,26.63 1 0
TrafficPolice/internal/config/config.go:46.48,48.16 2 0
TrafficPolice/internal/config/config.go:48.16,50.3 1 0
TrafficPolice/internal/config/config.go:52.2,55.17 3 0
TrafficPolice/internal/converter/analytics.go:12.50,14.2 1 0
TrafficPolice/internal/converter/analytics.go:16.95,25.2 1 0
TrafficPolice/internal/converter/analytics.go:27.101,29.19 2 0
TrafficPolice/internal/converter/analytics.go:29.19,31.3 1 0
TrafficPolice/internal/converter/analytics.go:32.2,32.13 1 0
TrafficPolice/internal/converter/auth.go:11.40,13.2 1 0
TrafficPolice/internal/converter/auth.go:15.106,20.2 1 0
TrafficPolice/internal/converter/camera.go:11.44,13.2 1 0
TrafficPolice/internal/converter/camera.go:17.25,29.2 1 0
TrafficPolice/internal/converter/case.go:10.40,12.2 1 0
TrafficPolice/internal/converter/case.go:14.66,31.2 1 0
TrafficPolice/internal/converter/case.go:33.73,35.26 2 0
TrafficPolice/internal/converter/case.go:35.26,64.3 2 0
TrafficPolice/internal/converter/case.go:66.2,66.13 1 0
TrafficPolice/internal/converter/case.go:69.64,98.2 1 0
TrafficPolice/internal/converter/case.go:100.72,133.2 1 0
TrafficPolice/internal/converter/case.go:135.80,137.47 2 0
TrafficPolice/internal/converter/case.go:137.47,141.3 1 0
TrafficPolice/internal/converter/case.go:143.2,151.3 1 0
TrafficPolice/internal/converter/case.go:154.86,156.19 2 0
TrafficPolice/internal/converter/case.go:156.19,158.3 1 0
TrafficPolice/internal/converter/case.go:160.2,160.20 1 0
TrafficPolice/internal/converter/casedecision.go:11.56,13.2 1 0
TrafficPolice/internal/converter/casedecision.go:15.109,21.2 1 0
TrafficPolice/internal/converter/pagination.go:11.52,13.2 1 0
TrafficPolice/internal/converter/pagination.go:15.91,23.2 1 0
TrafficPolice/internal/converter/rating.go:11.44,13.2 1 0
TrafficPolice/internal/converter/rating.go:15.78,23.2 1 0
TrafficPolice/internal/converter/rating.go:25.93,27.25 2 0
TrafficPolice/internal/converter/rating.go:27.25,29.3 1 0
TrafficPolice/internal/converter/rating.go:30.2,30.13 1 0
TrafficPolice/internal/converter/solvedcases.go:11.54,13.2 1 0
TrafficPolice/internal/converter/solvedcases.go:15.108,23.2 1 0
TrafficPolice/internal/converter/userinfo.go:11.48,13.2 1 0
TrafficPolice/internal/converter/userinfo.go:15.84,20.2 1 0
TrafficPolice/internal/converter/userinfo.go:22.89,27.2 1 0
TrafficPolice/internal/camera/parser.go:28.61,32.2 1 0
TrafficPolice/internal/camera/parser.go:34.68,35.23 1 0
TrafficPolice/internal/camera/parser.go:35.23,37.3 1 0
TrafficPolice/internal/camera/parser.go:39.2,45.43 5 0
TrafficPolice/internal/camera/parser.go:45.43,47.3 1 0
TrafficPolice/internal/camera/parser.go:47.8,47.63 1 0
TrafficPolice/internal/camera/parser.go:47.63,50.3 2 0
TrafficPolice/internal/camera/parser.go:50.8,52.3 1 0
TrafficPolice/internal/camera/parser.go:54.2,54.16 1 0
TrafficPolice/internal/camera/parser.go:54.16,56.3 1 0
TrafficPolice/internal/camera/parser.go:58.2,58.20 1 0
TrafficPolice/internal/camera/parser.go:59.20,60.31 1 0
TrafficPolice/internal/camera/parser.go:61.20,62.31 1 0
TrafficPolice/internal/camera/parser.go:63.20,64.31 1 0
TrafficPolice/internal/camera/parser.go:65.10,66.47 1 0
TrafficPolice/internal/camera/parser.go:70.62,73.23 2 0
TrafficPolice/internal/camera/parser.go:73.23,91.21 12 0
TrafficPolice/internal/camera/parser.go:91.21,93.4 1 0
TrafficPolice/internal/camera/parser.go:93.9,93.28 1 0
TrafficPolice/internal/camera/parser.go:93.28,96.4 2 0
TrafficPolice/internal/camera/parser.go:96.9,96.28 1 0
TrafficPolice/internal/camera/parser.go:96.28,99.4 2 0
TrafficPolice/internal/camera/parser.go:102.2,102.13 1 0
TrafficPolice/internal/camera/parser.go:105.71,107.16 2 0
TrafficPolice/internal/camera/parser.go:107.16,109.3 1 0
TrafficPolice/internal/camera/parser.go:110.2,125.8 1 0
TrafficPolice/internal/camera/parser.go:128.71,146.16 15 0
TrafficPolice/internal/camera/parser.go:146.16,148.3 1 0
TrafficPolice/internal/camera/parser.go:150.2,165.8 1 0
TrafficPolice/internal/camera/parser.go:169.71,196.2 8 0
TrafficPolice/internal/repository/mocks/AuthRepo.go:19.59,22.19 2 0
TrafficPolice/internal/repository/mocks/AuthRepo.go:22.19,23.57 1 0
TrafficPolice/internal/repository/mocks/AuthRepo.go:26.2,27.50 2 0
TrafficPolice/internal/repository/mocks/AuthRepo.go:27.50,29.3 1 0
TrafficPolice/internal/repository/mocks/AuthRepo.go:29.8,31.3 1 0
TrafficPolice/internal/repository/mocks/AuthRepo.go:33.2,33.11 1 0
TrafficPolice/internal/repository/mocks/AuthRepo.go:37.68,40.19 2 0
TrafficPolice/internal/repository/mocks/AuthRepo.go:40.19,41.55 1 0
TrafficPolice/internal/repository/mocks/AuthRepo.go:44.2,45.65 2 0
TrafficPolice/internal/repository/mocks/AuthRepo.go:45.65,47.3 1 0
TrafficPolice/internal/repository/mocks/AuthRepo.go:47.8,49.3 1 0
TrafficPolice/internal/repository/mocks/AuthRepo.go:51.2,51.11 1 0
TrafficPolice/internal/repository/mocks/AuthRepo.go:55.90,58.19 2 0
TrafficPolice/internal/repository/mocks/AuthRepo.go:58.19,59.54 1 0
TrafficPolice/internal/repository/mocks/AuthRepo.go:62.2,64.79 3 0
TrafficPolice/internal/repository/mocks/AuthRepo.go:64.79,66.3 1 0
TrafficPolice/internal/repository/mocks/AuthRepo.go:67.2,67.70 1 0
TrafficPolice/internal/repository/mocks/AuthRepo.go:67.70,69.3 1 0
TrafficPolice/internal/repository/mocks/AuthRepo.go:69.8,71.3 1 0
TrafficPolice/internal/repository/mocks/AuthRepo.go:73.2,73.69 1 0
TrafficPolice/internal/repository/mocks/AuthRepo.go:73.69,75.3 1 0
TrafficPolice/internal/repository/mocks/AuthRepo.go:75.8,77.3 1 0
TrafficPolice/internal/repository/mocks/AuthRepo.go:79.2,79.15 1 0
TrafficPolice/internal/repository/mocks/AuthRepo.go:83.68,86.19 2 0
TrafficPolice/internal/repository/mocks/AuthRepo.go:86.19,87.56 1 0
TrafficPolice/internal/repository/mocks/AuthRepo.go:90.2,91.60 2 0
TrafficPolice/internal/repository/mocks/AuthRepo.go:91.60,93.3 1 0
TrafficPolice/internal/repository/mocks/AuthRepo.go:93.8,95.3 1 0
TrafficPolice/internal/repository/mocks/AuthRepo.go:97.2,97.11 1 0
TrafficPolice/internal/repository/mocks/AuthRepo.go:101.62,104.19 2 0
TrafficPolice/internal/repository/mocks/AuthRepo.go:104.19,105.54 1 0
TrafficPolice/internal/repository/mocks/AuthRepo.go:108.2,109.58 2 0
TrafficPolice/internal/repository/mocks/AuthRepo.go:109.58,111.3 1 0
TrafficPolice/internal/repository/mocks/AuthRepo.go:111.8,113.3 1 0
TrafficPolice/internal/repository/mocks/AuthRepo.go:115.2,115.11 1 0
TrafficPolice/internal/repository/mocks/AuthRepo.go:119.60,122.19 2 0
TrafficPolice/internal/repository/mocks/AuthRepo.go:122.19,123.52 1 0
TrafficPolice/internal/repository/mocks/AuthRepo.go:126.2,127.60 2 0
TrafficPolice/internal/repository/mocks/AuthRepo.go:127.60,129.3 1 0
TrafficPolice/internal/repository/mocks/AuthRepo.go:129.8,131.3 1 0
TrafficPolice/internal/repository/mocks/AuthRepo.go:133.2,133.11 1 0
TrafficPolice/internal/repository/mocks/AuthRepo.go:137.70,140.19 2 0
TrafficPolice/internal/repository/mocks/AuthRepo.go:140.19,141.48 1 0
TrafficPolice/internal/repository/mocks/AuthRepo.go:144.2,146.70 3 0
TrafficPolice/internal/repository/mocks/AuthRepo.go:146.70,148.3 1 0
TrafficPolice/internal/repository/mocks/AuthRepo.go:149.2,149.61 1 0
TrafficPolice/internal/repository/mocks/AuthRepo.go:149.61,151.3 1 0
TrafficPolice/internal/repository/mocks/AuthRepo.go:151.8,153.3 1 0
TrafficPolice/internal/repository/mocks/AuthRepo.go:155.2,155.51 1 0
TrafficPolice/internal/repository/mocks/AuthRepo.go:155.51,157.3 1 0
TrafficPolice/internal/repository/mocks/AuthRepo.go:157.8,159.3 1 0
TrafficPolice/internal/repository/mocks/AuthRepo.go:161.2,161.15 1 0
TrafficPolice/internal/repository/mocks/AuthRepo.go:169.14,173.19 3 0
TrafficPolice/internal/repository/mocks/AuthRepo.go:173.19,173.49 1 0
TrafficPolice/internal/repository/mocks/AuthRepo.go:175.2,175.13 1 0
TrafficPolice/internal/repository/mocks/CaseRepo.go:19.69,22.19 2 0
TrafficPolice/internal/repository/mocks/CaseRepo.go:22.19,23.53 1 0
TrafficPolice/internal/repository/mocks/CaseRepo.go:26.2,28.66 3 0
TrafficPolice/internal/repository/mocks/CaseRepo.go:28.66,30.3 1 0
TrafficPolice/internal/repository/mocks/CaseRepo.go:31.2,31.57 1 0
TrafficPolice/internal/repository/mocks/CaseRepo.go:31.57,33.3 1 0
TrafficPolice/internal/repository/mocks/CaseRepo.go:33.8,35.3 1 0
TrafficPolice/internal/repository/mocks/CaseRepo.go:37.2,37.51 1 0
TrafficPolice/internal/repository/mocks/CaseRepo.go:37.51,39.3 1 0
TrafficPolice/internal/repository/mocks/CaseRepo.go:39.8,41.3 1 0
TrafficPolice/internal/repository/mocks/CaseRepo.go:43.2,43.15 1 0
TrafficPolice/internal/repository/mocks/CaseRepo.go:47.79,50.19 2 0
TrafficPolice/internal/repository/mocks/CaseRepo.go:50.19,51.63 1 0
TrafficPolice/internal/repository/mocks/CaseRepo.go:54.2,56.66 3 0
TrafficPolice/internal/repository/mocks/CaseRepo.go:56.66,58.3 1 0
TrafficPolice/internal/repository/mocks/CaseRepo.go:59.2,59.57 1 0
TrafficPolice/internal/repository/mocks/CaseRepo.go:59.57,61.3 1 0
TrafficPolice/internal/repository/mocks/CaseRepo.go:61.8,63.3 1 0
TrafficPolice/internal/repository/mocks/CaseRepo.go:65.2,65.51 1 0
TrafficPolice/internal/repository/mocks/CaseRepo.go:65.51,67.3 1 0
TrafficPolice/internal/repository/mocks/CaseRepo.go:67.8,69.3 1 0
TrafficPolice/internal/repository/mocks/CaseRepo.go:71.2,71.15 1 0
TrafficPolice/internal/repository/mocks/CaseRepo.go:75.63,78.19 2 0
TrafficPolice/internal/repository/mocks/CaseRepo.go:78.19,79.52 1 0
TrafficPolice/internal/repository/mocks/CaseRepo.go:82.2,84.66 3 0
TrafficPolice/internal/repository/mocks/CaseRepo.go:84.66,86.3 1 0
TrafficPolice/internal/repository/mocks/CaseRepo.go:87.2,87.57 1 0
TrafficPolice/internal/repository/mocks/CaseRepo.go:87.57,89.3 1 0
TrafficPolice/internal/repository/mocks/CaseRepo.go:89.8,91.3 1 0
TrafficPolice/internal/repository/mocks/CaseRepo.go:93.2,93.56 1 0
TrafficPolice/internal/repository/mocks/CaseRepo.go:93.56,95.3 1 0
TrafficPolice/internal/repository/mocks/CaseRepo.go:95.8,97.3 1 0
TrafficPolice/internal/repository/mocks/CaseRepo.go:99.2,99.15 1 0
TrafficPolice/internal/repository/mocks/CaseRepo.go:103.101,106.19 2 0
TrafficPolice/internal/repository/mocks/CaseRepo.go:106.19,107.61 1 0
TrafficPolice/internal/repository/mocks/CaseRepo.go:110.2,111.68 2 0
TrafficPolice/internal/repository/mocks/CaseRepo.go:111.68,113.3 1 0
TrafficPolice/internal/repository/mocks/CaseRepo.go:113.8,115.3 1 0
TrafficPolice/internal/repository/mocks/CaseRepo.go:117.2,117.11 1 0
TrafficPolice/internal/repository/mocks/CaseRepo.go:121.85,124.19 2 0
TrafficPolice/internal/repository/mocks/CaseRepo.go:124.19,125.65 1 0
TrafficPolice/internal/repository/mocks/CaseRepo.go:128.2,129.56 2 0
TrafficPolice/internal/repository/mocks/CaseRepo.go:129.56,131.3 1 0
TrafficPolice/internal/repository/mocks/CaseRepo.go:131.8,133.3 1 0
TrafficPolice/internal/repository/mocks/CaseRepo.go:135.2,135.11 1 0
TrafficPolice/internal/repository/mocks/CaseRepo.go:143.14,147.19 3 0
TrafficPolice/internal/repository/mocks/CaseRepo.go:147.19,147.49 1 0
TrafficPolice/internal/repository/mocks/CaseRepo.go:149.2,149.13 1 0
TrafficPolice/internal/repository/mocks/CheckerRepo.go:13.73,16.19 2 0
TrafficPolice/internal/repository/mocks/CheckerRepo.go:16.19,17.59 1 0
TrafficPolice/internal/repository/mocks/CheckerRepo.go:20.2,22.59 3 0
TrafficPolice/internal/repository/mocks/CheckerRepo.go:22.59,24.3 1 0
TrafficPolice/internal/repository/mocks/CheckerRepo.go:25.2,25.50 1 0
TrafficPolice/internal/repository/mocks/CheckerRepo.go:25.50,27.3 1 0
TrafficPolice/internal/repository/mocks/CheckerRepo.go:27.8,29.3 1 0
TrafficPolice/internal/repository/mocks/CheckerRepo.go:31.2,31.51 1 0
TrafficPolice/internal/repository/mocks/CheckerRepo.go:31.51,33.3 1 0
TrafficPolice/internal/repository/mocks/CheckerRepo.go:33.8,35.3 1 0
TrafficPolice/internal/repository/mocks/CheckerRepo.go:37.2,37.15 1 0
TrafficPolice/internal/repository/mocks/CheckerRepo.go:45.17,49.19 3 0
TrafficPolice/internal/repository/mocks/CheckerRepo.go:49.19,49.49 1 0
TrafficPolice/internal/repository/mocks/CheckerRepo.go:51.2,51.13 1 0
TrafficPolice/internal/repository/mocks/DirectorRepo.go:19.65,22.19 2 0
TrafficPolice/internal/repository/mocks/DirectorRepo.go:22.19,23.50 1 0
TrafficPolice/internal/repository/mocks/DirectorRepo.go:26.2,28.68 3 0
TrafficPolice/internal/repository/mocks/DirectorRepo.go:28.68,30.3 1 0
TrafficPolice/internal/repository/mocks/DirectorRepo.go:31.2,31.59 1 0
TrafficPolice/internal/repository/mocks/DirectorRepo.go:31.59,33.3 1 0
TrafficPolice/internal/repository/mocks/DirectorRepo.go:33.8,34.24 1 0
TrafficPolice/internal/repository/mocks/DirectorRepo.go:34.24,36.4 1 0
TrafficPolice/internal/repository/mocks/DirectorRepo.go:39.2,39.45 1 0
TrafficPolice/internal/repository/mocks/DirectorRepo.go:39.45,41.3 1 0
TrafficPolice/internal/repository/mocks/DirectorRepo.go:41.8,43.3 1 0
TrafficPolice/internal/repository/mocks/DirectorRepo.go:45.2,45.15 1 0
TrafficPolice/internal/repository/mocks/DirectorRepo.go:49.152,52.19 2 0
TrafficPolice/internal/repository/mocks/DirectorRepo.go:52.19,53.64 1 0
TrafficPolice/internal/repository/mocks/DirectorRepo.go:56.2,58.114 3 0
TrafficPolice/internal/repository/mocks/DirectorRepo.go:58.114,60.3 1 0
TrafficPolice/internal/repository/mocks/DirectorRepo.go:61.2,61.105 1 0
TrafficPolice/internal/repository/mocks/DirectorRepo.go:61.105,63.3 1 0
TrafficPolice/internal/repository/mocks/DirectorRepo.go:63.8,64.24 1 0
TrafficPolice/internal/repository/mocks/DirectorRepo.go:64.24,66.4 1 0
TrafficPolice/internal/repository/mocks/DirectorRepo.go:69.2,69.73 1 0
TrafficPolice/internal/repository/mocks/DirectorRepo.go:69.73,71.3 1 0
TrafficPolice/internal/repository/mocks/DirectorRepo.go:71.8,73.3 1 0
TrafficPolice/internal/repository/mocks/DirectorRepo.go:75.2,75.15 1 0
TrafficPolice/internal/repository/mocks/DirectorRepo.go:83.18,87.19 3 0
TrafficPolice/internal/repository/mocks/DirectorRepo.go:87.19,87.49 1 0
TrafficPolice/internal/repository/mocks/DirectorRepo.go:89.2,89.13 1 0
TrafficPolice/internal/repository/mocks/ExpertRepo.go:17.89,20.19 2 0
TrafficPolice/internal/repository/mocks/ExpertRepo.go:20.19,21.62 1 0
TrafficPolice/internal/repository/mocks/ExpertRepo.go:24.2,26.75 3 0
TrafficPolice/internal/repository/mocks/ExpertRepo.go:26.75,28.3 1 0
TrafficPolice/internal/repository/mocks/ExpertRepo.go:29.2,29.66 1 0
TrafficPolice/internal/repository/mocks/ExpertRepo.go:29.66,31.3 1 0
TrafficPolice/internal/repository/mocks/ExpertRepo.go:31.8,33.3 1 0
TrafficPolice/internal/repository/mocks/ExpertRepo.go:35.2,35.51 1 0
TrafficPolice/internal/repository/mocks/ExpertRepo.go:35.51,37.3 1 0
TrafficPolice/internal/repository/mocks/ExpertRepo.go:37.8,39.3 1 0
TrafficPolice/internal/repository/mocks/ExpertRepo.go:41.2,41.15 1 0
TrafficPolice/internal/repository/mocks/ExpertRepo.go:45.79,48.19 2 0
TrafficPolice/internal/repository/mocks/ExpertRepo.go:48.19,49.59 1 0
TrafficPolice/internal/repository/mocks/ExpertRepo.go:52.2,54.68 3 0
TrafficPolice/internal/repository/mocks/ExpertRepo.go:54.68,56.3 1 0
TrafficPolice/internal/repository/mocks/ExpertRepo.go:57.2,57.59 1 0
TrafficPolice/internal/repository/mocks/ExpertRepo.go:57.59,59.3 1 0
TrafficPolice/internal/repository/mocks/ExpertRepo.go:59.8,61.3 1 0
TrafficPolice/internal/repository/mocks/ExpertRepo.go:63.2,63.51 1 0
TrafficPolice/internal/repository/mocks/ExpertRepo.go:63.51,65.3 1 0
TrafficPolice/internal/repository/mocks/ExpertRepo.go:65.8,67.3 1 0
TrafficPolice/internal/repository/mocks/ExpertRepo.go:69.2,69.15 1 0
TrafficPolice/internal/repository/mocks/ExpertRepo.go:73.80,76.19 2 0
TrafficPolice/internal/repository/mocks/ExpertRepo.go:76.19,77.64 1 0
TrafficPolice/internal/repository/mocks/ExpertRepo.go:80.2,82.55 3 0
TrafficPolice/internal/repository/mocks/ExpertRepo.go:82.55,84.3 1 0
TrafficPolice/internal/repository/mocks/ExpertRepo.go:85.2,85.46 1 0
TrafficPolice/internal/repository/mocks/ExpertRepo.go:85.46,87.3 1 0
TrafficPolice/internal/repository/mocks/ExpertRepo.go:87.8,89.3 1 0
TrafficPolice/internal/repository/mocks/ExpertRepo.go:91.2,91.48 1 0
TrafficPolice/internal/repository/mocks/ExpertRepo.go:91.48,93.3 1 0
TrafficPolice/internal/repository/mocks/ExpertRepo.go:93.8,95.3 1 0
TrafficPolice/internal/repository/mocks/ExpertRepo.go:97.2,97.15 1 0
TrafficPolice/internal/repository/mocks/ExpertRepo.go:101.79,104.19 2 0
TrafficPolice/internal/repository/mocks/ExpertRepo.go:104.19,105.64 1 0
TrafficPolice/internal/repository/mocks/ExpertRepo.go:108.2,110.61 3 0
TrafficPolice/internal/repository/mocks/ExpertRepo.go:110.61,112.3 1 0
TrafficPolice/internal/repository/mocks/ExpertRepo.go:113.2,113.52 1 0
TrafficPolice/internal/repository/mocks/ExpertRepo.go:113.52,115.3 1 0
TrafficPolice/internal/repository/mocks/ExpertRepo.go:115.8,117.3 1 0
TrafficPolice/internal/repository/mocks/ExpertRepo.go:119.2,119.51 1 0
TrafficPolice/internal/repository/mocks/ExpertRepo.go:119.51,121.3 1 0
TrafficPolice/internal/repository/mocks/ExpertRepo.go:121.8,123.3 1 0
TrafficPolice/internal/repository/mocks/ExpertRepo.go:125.2,125.15 1 0
TrafficPolice/internal/repository/mocks/ExpertRepo.go:129.83,132.19 2 0
TrafficPolice/internal/repository/mocks/ExpertRepo.go:132.19,133.58 1 0
TrafficPolice/internal/repository/mocks/ExpertRepo.go:136.2,138.73 3 0
TrafficPolice/internal/repository/mocks/ExpertRepo.go:138.73,140.3 1 0
TrafficPolice/internal/repository/mocks/ExpertRepo.go:141.2,141.64 1 0
TrafficPolice/internal/repository/mocks/ExpertRepo.go:141.64,143.3 1 0
TrafficPolice/internal/repository/mocks/ExpertRepo.go:143.8,145.3 1 0
TrafficPolice/internal/repository/mocks/ExpertRepo.go:147.2,147.58 1 0
TrafficPolice/internal/repository/mocks/ExpertRepo.go:147.58,149.3 1 0
TrafficPolice/internal/repository/mocks/ExpertRepo.go:149.8,151.3 1 0
TrafficPolice/internal/repository/mocks/ExpertRepo.go:153.2,153.15 1 0
TrafficPolice/internal/repository/mocks/ExpertRepo.go:157.79,160.19 2 0
TrafficPolice/internal/repository/mocks/ExpertRepo.go:160.19,161.61 1 0
TrafficPolice/internal/repository/mocks/ExpertRepo.go:164.2,165.62 2 0
TrafficPolice/internal/repository/mocks/ExpertRepo.go:165.62,167.3 1 0
TrafficPolice/internal/repository/mocks/ExpertRepo.go:167.8,169.3 1 0
TrafficPolice/internal/repository/mocks/ExpertRepo.go:171.2,171.11 1 0
TrafficPolice/internal/repository/mocks/ExpertRepo.go:175.71,178.19 2 0
TrafficPolice/internal/repository/mocks/ExpertRepo.go:178.19,179.57 1 0
TrafficPolice/internal/repository/mocks/ExpertRepo.go:182.2,183.60 2 0
TrafficPolice/internal/repository/mocks/ExpertRepo.go:183.60,185.3 1 0
TrafficPolice/internal/repository/mocks/ExpertRepo.go:185.8,187.3 1 0
TrafficPolice/internal/repository/mocks/ExpertRepo.go:189.2,189.11 1 0
TrafficPolice/internal/repository/mocks/ExpertRepo.go:197.16,201.19 3 0
TrafficPolice/internal/repository/mocks/ExpertRepo.go:201.19,201.49 1 0
TrafficPolice/internal/repository/mocks/ExpertRepo.go:203.2,203.13 1 0
TrafficPolice/internal/repository/mocks/PaginationRepo.go:13.70,16.19 2 0
TrafficPolice/internal/repository/mocks/PaginationRepo.go:16.19,17.57 1 0
TrafficPolice/internal/repository/mocks/PaginationRepo.go:20.2,22.58 3 0
TrafficPolice/internal/repository/mocks/PaginationRepo.go:22.58,24.3 1 0
TrafficPolice/internal/repository/mocks/PaginationRepo.go:25.2,25.49 1 0
TrafficPolice/internal/repository/mocks/PaginationRepo.go:25.49,27.3 1 0
TrafficPolice/internal/repository/mocks/PaginationRepo.go:27.8,29.3 1 0
TrafficPolice/internal/repository/mocks/PaginationRepo.go:31.2,31.51 1 0
TrafficPolice/internal/repository/mocks/PaginationRepo.go:31.51,33.3 1 0
TrafficPolice/internal/repository/mocks/PaginationRepo.go:33.8,35.3 1 0
TrafficPolice/internal/repository/mocks/PaginationRepo.go:37.2,37.15 1 0
TrafficPolice/internal/repository/mocks/PaginationRepo.go:45.20,49.19 3 0
TrafficPolice/internal/repository/mocks/PaginationRepo.go:49.19,49.49 1 0
TrafficPolice/internal/repository/mocks/PaginationRepo.go:51.2,51.13 1 0
TrafficPolice/internal/repository/mocks/RatingRepo.go:17.43,20.19 2 0
TrafficPolice/internal/repository/mocks/RatingRepo.go:20.19,21.53 1 0
TrafficPolice/internal/repository/mocks/RatingRepo.go:24.2,25.45 2 0
TrafficPolice/internal/repository/mocks/RatingRepo.go:25.45,27.3 1 0
TrafficPolice/internal/repository/mocks/RatingRepo.go:27.8,29.3 1 0
TrafficPolice/internal/repository/mocks/RatingRepo.go:31.2,31.11 1 0
TrafficPolice/internal/repository/mocks/RatingRepo.go:35.91,38.19 2 0
TrafficPolice/internal/repository/mocks/RatingRepo.go:38.19,39.58 1 0
TrafficPolice/internal/repository/mocks/RatingRepo.go:42.2,44.73 3 0
TrafficPolice/internal/repository/mocks/RatingRepo.go:44.73,46.3 1 0
TrafficPolice/internal/repository/mocks/RatingRepo.go:47.2,47.64 1 0
TrafficPolice/internal/repository/mocks/RatingRepo.go:47.64,49.3 1 0
TrafficPolice/internal/repository/mocks/RatingRepo.go:49.8,50.24 1 0
TrafficPolice/internal/repository/mocks/RatingRepo.go:50.24,52.4 1 0
TrafficPolice/internal/repository/mocks/RatingRepo.go:55.2,55.48 1 0
TrafficPolice/internal/repository/mocks/RatingRepo.go:55.48,57.3 1 0
TrafficPolice/internal/repository/mocks/RatingRepo.go:57.8,59.3 1 0
TrafficPolice/internal/repository/mocks/RatingRepo.go:61.2,61.15 1 0
TrafficPolice/internal/repository/mocks/RatingRepo.go:65.64,68.19 2 0
TrafficPolice/internal/repository/mocks/RatingRepo.go:68.19,69.51 1 0
TrafficPolice/internal/repository/mocks/RatingRepo.go:72.2,74.68 3 0
TrafficPolice/internal/repository/mocks/RatingRepo.go:74.68,76.3 1 0
TrafficPolice/internal/repository/mocks/RatingRepo.go:77.2,77.59 1 0
TrafficPolice/internal/repository/mocks/RatingRepo.go:77.59,79.3 1 0
TrafficPolice/internal/repository/mocks/RatingRepo.go:79.8,80.24 1 0
TrafficPolice/internal/repository/mocks/RatingRepo.go:80.24,82.4 1 0
TrafficPolice/internal/repository/mocks/RatingRepo.go:85.2,85.45 1 0
TrafficPolice/internal/repository/mocks/RatingRepo.go:85.45,87.3 1 0
TrafficPolice/internal/repository/mocks/RatingRepo.go:87.8,89.3 1 0
TrafficPolice/internal/repository/mocks/RatingRepo.go:91.2,91.15 1 0
TrafficPolice/internal/repository/mocks/RatingRepo.go:95.121,98.19 2 0
TrafficPolice/internal/repository/mocks/RatingRepo.go:98.19,99.64 1 0
TrafficPolice/internal/repository/mocks/RatingRepo.go:102.2,104.99 3 0
TrafficPolice/internal/repository/mocks/RatingRepo.go:104.99,106.3 1 0
TrafficPolice/internal/repository/mocks/RatingRepo.go:107.2,107.90 1 0
TrafficPolice/internal/repository/mocks/RatingRepo.go:107.90,109.3 1 0
TrafficPolice/internal/repository/mocks/RatingRepo.go:109.8,110.24 1 0
TrafficPolice/internal/repository/mocks/RatingRepo.go:110.24,112.4 1 0
TrafficPolice/internal/repository/mocks/RatingRepo.go:115.2,115.68 1 0
TrafficPolice/internal/repository/mocks/RatingRepo.go:115.68,117.3 1 0
TrafficPolice/internal/repository/mocks/RatingRepo.go:117.8,119.3 1 0
TrafficPolice/internal/repository/mocks/RatingRepo.go:121.2,121.15 1 0
TrafficPolice/internal/repository/mocks/RatingRepo.go:125.61,128.19 2 0
TrafficPolice/internal/repository/mocks/RatingRepo.go:128.19,129.56 1 0
TrafficPolice/internal/repository/mocks/RatingRepo.go:132.2,133.51 2 0
TrafficPolice/internal/repository/mocks/RatingRepo.go:133.51,135.3 1 0
TrafficPolice/internal/repository/mocks/RatingRepo.go:135.8,137.3 1 0
TrafficPolice/internal/repository/mocks/RatingRepo.go:139.2,139.11 1 0
TrafficPolice/internal/repository/mocks/RatingRepo.go:143.78,146.19 2 0
TrafficPolice/internal/repository/mocks/RatingRepo.go:146.19,147.51 1 0
TrafficPolice/internal/repository/mocks/RatingRepo.go:150.2,151.72 2 0
TrafficPolice/internal/repository/mocks/RatingRepo.go:151.72,153.3 1 0
TrafficPolice/internal/repository/mocks/RatingRepo.go:153.8,155.3 1 0
TrafficPolice/internal/repository/mocks/RatingRepo.go:157.2,157.11 1 0
TrafficPolice/internal/repository/mocks/RatingRepo.go:161.90,164.19 2 0
TrafficPolice/internal/repository/mocks/RatingRepo.go:164.19,165.64 1 0
TrafficPolice/internal/repository/mocks/RatingRepo.go:168.2,169.75 2 0
TrafficPolice/internal/repository/mocks/RatingRepo.go:169.75,171.3 1 0
TrafficPolice/internal/repository/mocks/RatingRepo.go:171.8,173.3 1 0
TrafficPolice/internal/repository/mocks/RatingRepo.go:175.2,175.11 1 0
TrafficPolice/internal/repository/mocks/RatingRepo.go:183.16,187.19 3 0
TrafficPolice/internal/repository/mocks/RatingRepo.go:187.19,187.49 1 0
TrafficPolice/internal/repository/mocks/RatingRepo.go:189.2,189.13 1 0
TrafficPolice/internal/repository/mocks/TransportRepo.go:13.98,16.19 2 0
TrafficPolice/internal/repository/mocks/TransportRepo.go:16.19,17.56 1 0
TrafficPolice/internal/repository/mocks/TransportRepo.go:20.2,22.77 3 0
TrafficPolice/internal/repository/mocks/TransportRepo.go:22.77,24.3 1 0
TrafficPolice/internal/repository/mocks/TransportRepo.go:25.2,25.68 1 0
TrafficPolice/internal/repository/mocks/TransportRepo.go:25.68,27.3 1 0
TrafficPolice/internal/repository/mocks/TransportRepo.go:27.8,29.3 1 0
TrafficPolice/internal/repository/mocks/TransportRepo.go:31.2,31.67 1 0
TrafficPolice/internal/repository/mocks/TransportRepo.go:31.67,33.3 1 0
TrafficPolice/internal/repository/mocks/TransportRepo.go:33.8,35.3 1 0
TrafficPolice/internal/repository/mocks/TransportRepo.go:37.2,37.15 1 0
TrafficPolice/internal/repository/mocks/TransportRepo.go:45.19,49.19 3 0
TrafficPolice/internal/repository/mocks/TransportRepo.go:49.19,49.49 1 0
TrafficPolice/internal/repository/mocks/TransportRepo.go:51.2,51.13 1 0
TrafficPolice/internal/domain/date.go:11.56,13.2 1 0
TrafficPolice/internal/domain/date.go:15.42,18.2 1 0
TrafficPolice/internal/app/app.go:31.12,33.16 2 0
TrafficPolice/internal/app/app.go:33.16,35.3 1 0
TrafficPolice/internal/app/app.go:36.2,36.47 1 0
TrafficPolice/internal/app/app.go:36.47,40.3 1 0
TrafficPolice/internal/app/app.go:43.2,45.16 3 0
TrafficPolice/internal/app/app.go:45.16,47.3 1 0
TrafficPolice/internal/app/app.go:48.2,54.16 4 0
TrafficPolice/internal/app/app.go:54.16,56.3 1 0
TrafficPolice/internal/app/app.go:57.2,61.16 3 0
TrafficPolice/internal/app/app.go:61.16,63.3 1 0
TrafficPolice/internal/app/app.go:64.2,92.16 18 0
TrafficPolice/internal/app/app.go:92.16,94.3 1 0
TrafficPolice/internal/app/app.go:96.2,96.20 1 0
TrafficPolice/internal/app/app.go:100.34,103.16 3 0
TrafficPolice/internal/app/app.go:103.16,105.3 1 0
TrafficPolice/internal/app/app.go:106.2,107.41 2 0
TrafficPolice/internal/app/app.go:107.41,109.3 1 0
TrafficPolice/internal/app/app.go:109.8,109.23 1 0
TrafficPolice/internal/app/app.go:109.23,111.3 1 0
TrafficPolice/internal/app/app.go:112.2,112.41 1 0
TrafficPolice/internal/app/app.go:115.77,118.34 2 0
TrafficPolice/internal/app/app.go:118.34,120.3 1 0
TrafficPolice/internal/app/app.go:122.2,123.16 2 0
TrafficPolice/internal/app/app.go:123.16,125.3 1 0
TrafficPolice/internal/app/app.go:128.40,131.16 3 0
TrafficPolice/internal/app/app.go:131.16,133.3 1 0
TrafficPolice/internal/app/app.go:135.2,135.17 1 0
TrafficPolice/internal/app/app.go:138.51,147.2 1 0
TrafficPolice/internal/app/app.go:149.82,151.16 2 0
TrafficPolice/internal/app/app.go:151.16,153.3 1 0
TrafficPolice/internal/app/app.go:154.2,180.16 2 0
TrafficPolice/internal/app/app.go:180.16,182.3 1 0
TrafficPolice/internal/app/app.go:184.2,184.22 1 0
TrafficPolice/internal/app/converters.go:17.34,29.2 1 0
TrafficPolice/internal/app/handlers.go:29.13,46.2 2 0
TrafficPolice/internal/app/repos.go:24.40,39.2 1 0
TrafficPolice/internal/app/servemux.go:16.93,22.2 1 0
TrafficPolice/internal/app/servemux.go:24.46,38.2 10 0
TrafficPolice/internal/app/servemux.go:40.45,48.2 2 0
TrafficPolice/internal/app/servemux.go:49.43,63.2 3 0
TrafficPolice/internal/app/servemux.go:65.50,70.2 1 0
TrafficPolice/internal/app/servemux.go:72.48,77.2 1 0
TrafficPolice/internal/app/servemux.go:79.43,86.2 3 0
TrafficPolice/internal/app/servemux.go:88.45,127.2 5 0
TrafficPolice/internal/app/servemux.go:129.45,137.2 1 0
TrafficPolice/internal/app/servemux.go:139.47,153.2 2 0
TrafficPolice/internal/app/services.go:24.87,40.2 2 0
TrafficPolice/internal/service/mocks/AuthService.go:19.71,22.19 2 0
TrafficPolice/internal/service/mocks/AuthService.go:22.19,23.55 1 0
TrafficPolice/internal/service/mocks/AuthService.go:26.2,27.65 2 0
TrafficPolice/internal/service/mocks/AuthService.go:27.65,29.3 1 0
TrafficPolice/internal/service/mocks/AuthService.go:29.8,31.3 1 0
TrafficPolice/internal/service/mocks/AuthService.go:33.2,33.11 1 0
TrafficPolice/internal/service/mocks/AuthService.go:37.87,40.19 2 0
TrafficPolice/internal/service/mocks/AuthService.go:40.19,41.58 1 0
TrafficPolice/internal/service/mocks/AuthService.go:44.2,46.71 3 0
TrafficPolice/internal/service/mocks/AuthService.go:46.71,48.3 1 0
TrafficPolice/internal/service/mocks/AuthService.go:49.2,49.62 1 0
TrafficPolice/internal/service/mocks/AuthService.go:49.62,51.3 1 0
TrafficPolice/internal/service/mocks/AuthService.go:51.8,53.3 1 0
TrafficPolice/internal/service/mocks/AuthService.go:55.2,55.51 1 0
TrafficPolice/internal/service/mocks/AuthService.go:55.51,57.3 1 0
TrafficPolice/internal/service/mocks/AuthService.go:57.8,59.3 1 0
TrafficPolice/internal/service/mocks/AuthService.go:61.2,61.15 1 0
TrafficPolice/internal/service/mocks/AuthService.go:65.83,68.19 2 0
TrafficPolice/internal/service/mocks/AuthService.go:68.19,69.56 1 0
TrafficPolice/internal/service/mocks/AuthService.go:72.2,74.76 3 0
TrafficPolice/internal/service/mocks/AuthService.go:74.76,76.3 1 0
TrafficPolice/internal/service/mocks/AuthService.go:77.2,77.67 1 0
TrafficPolice/internal/service/mocks/AuthService.go:77.67,79.3 1 0
TrafficPolice/internal/service/mocks/AuthService.go:79.8,81.3 1 0
TrafficPolice/internal/service/mocks/AuthService.go:83.2,83.66 1 0
TrafficPolice/internal/service/mocks/AuthService.go:83.66,85.3 1 0
TrafficPolice/internal/service/mocks/AuthService.go:85.8,87.3 1 0
TrafficPolice/internal/service/mocks/AuthService.go:89.2,89.15 1 0
TrafficPolice/internal/service/mocks/AuthService.go:93.73,96.19 2 0
TrafficPolice/internal/service/mocks/AuthService.go:96.19,97.59 1 0
TrafficPolice/internal/service/mocks/AuthService.go:100.2,101.62 2 0
TrafficPolice/internal/service/mocks/AuthService.go:101.62,103.3 1 0
TrafficPolice/internal/service/mocks/AuthService.go:103.8,105.3 1 0
TrafficPolice/internal/service/mocks/AuthService.go:107.2,107.11 1 0
TrafficPolice/internal/service/mocks/AuthService.go:111.68,114.19 2 0
TrafficPolice/internal/service/mocks/AuthService.go:114.19,115.56 1 0
TrafficPolice/internal/service/mocks/AuthService.go:118.2,119.60 2 0
TrafficPolice/internal/service/mocks/AuthService.go:119.60,121.3 1 0
TrafficPolice/internal/service/mocks/AuthService.go:121.8,123.3 1 0
TrafficPolice/internal/service/mocks/AuthService.go:125.2,125.11 1 0
TrafficPolice/internal/service/mocks/AuthService.go:129.77,132.19 2 0
TrafficPolice/internal/service/mocks/AuthService.go:132.19,133.48 1 0
TrafficPolice/internal/service/mocks/AuthService.go:136.2,138.77 3 0
TrafficPolice/internal/service/mocks/AuthService.go:138.77,140.3 1 0
TrafficPolice/internal/service/mocks/AuthService.go:141.2,141.68 1 0
TrafficPolice/internal/service/mocks/AuthService.go:141.68,143.3 1 0
TrafficPolice/internal/service/mocks/AuthService.go:143.8,145.3 1 0
TrafficPolice/internal/service/mocks/AuthService.go:147.2,147.60 1 0
TrafficPolice/internal/service/mocks/AuthService.go:147.60,149.3 1 0
TrafficPolice/internal/service/mocks/AuthService.go:149.8,151.3 1 0
TrafficPolice/internal/service/mocks/AuthService.go:153.2,153.15 1 0
TrafficPolice/internal/service/mocks/AuthService.go:161.17,165.19 3 0
TrafficPolice/internal/service/mocks/AuthService.go:165.19,165.49 1 0
TrafficPolice/internal/service/mocks/AuthService.go:167.2,167.13 1 0
TrafficPolice/internal/service/mocks/CameraService.go:17.86,20.19 2 0
TrafficPolice/internal/service/mocks/CameraService.go:20.19,21.55 1 0
TrafficPolice/internal/service/mocks/CameraService.go:24.2,26.72 3 0
TrafficPolice/internal/service/mocks/CameraService.go:26.72,28.3 1 0
TrafficPolice/internal/service/mocks/CameraService.go:29.2,29.63 1 0
TrafficPolice/internal/service/mocks/CameraService.go:29.63,31.3 1 0
TrafficPolice/internal/service/mocks/CameraService.go:31.8,33.3 1 0
TrafficPolice/internal/service/mocks/CameraService.go:35.2,35.62 1 0
TrafficPolice/internal/service/mocks/CameraService.go:35.62,37.3 1 0
TrafficPolice/internal/service/mocks/CameraService.go:37.8,39.3 1 0
TrafficPolice/internal/service/mocks/CameraService.go:41.2,41.15 1 0
TrafficPolice/internal/service/mocks/CameraService.go:45.83,48.19 2 0
TrafficPolice/internal/service/mocks/CameraService.go:48.19,49.65 1 0
TrafficPolice/internal/service/mocks/CameraService.go:52.2,54.61 3 0
TrafficPolice/internal/service/mocks/CameraService.go:54.61,56.3 1 0
TrafficPolice/internal/service/mocks/CameraService.go:57.2,57.52 1 0
TrafficPolice/internal/service/mocks/CameraService.go:57.52,59.3 1 0
TrafficPolice/internal/service/mocks/CameraService.go:59.8,61.3 1 0
TrafficPolice/internal/service/mocks/CameraService.go:63.2,63.51 1 0
TrafficPolice/internal/service/mocks/CameraService.go:63.51,65.3 1 0
TrafficPolice/internal/service/mocks/CameraService.go:65.8,67.3 1 0
TrafficPolice/internal/service/mocks/CameraService.go:69.2,69.15 1 0
TrafficPolice/internal/service/mocks/CameraService.go:77.19,81.19 3 0
TrafficPolice/internal/service/mocks/CameraService.go:81.19,81.49 1 0
TrafficPolice/internal/service/mocks/CameraService.go:83.2,83.13 1 0
TrafficPolice/internal/service/mocks/DirectorService.go:19.68,22.19 2 0
TrafficPolice/internal/service/mocks/DirectorService.go:22.19,23.50 1 0
TrafficPolice/internal/service/mocks/DirectorService.go:26.2,28.68 3 0
TrafficPolice/internal/service/mocks/DirectorService.go:28.68,30.3 1 0
TrafficPolice/internal/service/mocks/DirectorService.go:31.2,31.59 1 0
TrafficPolice/internal/service/mocks/DirectorService.go:31.59,33.3 1 0
TrafficPolice/internal/service/mocks/DirectorService.go:33.8,34.24 1 0
TrafficPolice/internal/service/mocks/DirectorService.go:34.24,36.4 1 0
TrafficPolice/internal/service/mocks/DirectorService.go:39.2,39.45 1 0
TrafficPolice/internal/service/mocks/DirectorService.go:39.45,41.3 1 0
TrafficPolice/internal/service/mocks/DirectorService.go:41.8,43.3 1 0
TrafficPolice/internal/service/mocks/DirectorService.go:45.2,45.15 1 0
TrafficPolice/internal/service/mocks/DirectorService.go:49.140,52.19 2 0
TrafficPolice/internal/service/mocks/DirectorService.go:52.19,53.60 1 0
TrafficPolice/internal/service/mocks/DirectorService.go:56.2,58.103 3 0
TrafficPolice/internal/service/mocks/DirectorService.go:58.103,60.3 1 0
TrafficPolice/internal/service/mocks/DirectorService.go:61.2,61.94 1 0
TrafficPolice/internal/service/mocks/DirectorService.go:61.94,63.3 1 0
TrafficPolice/internal/service/mocks/DirectorService.go:63.8,64.24 1 0
TrafficPolice/internal/service/mocks/DirectorService.go:64.24,66.4 1 0
TrafficPolice/internal/service/mocks/DirectorService.go:69.2,69.73 1 0
TrafficPolice/internal/service/mocks/DirectorService.go:69.73,71.3 1 0
TrafficPolice/internal/service/mocks/DirectorService.go:71.8,73.3 1 0
TrafficPolice/internal/service/mocks/DirectorService.go:75.2,75.15 1 0
TrafficPolice/internal/service/mocks/DirectorService.go:83.21,87.19 3 0
TrafficPolice/internal/service/mocks/DirectorService.go:87.19,87.49 1 0
TrafficPolice/internal/service/mocks/DirectorService.go:89.2,89.13 1 0
TrafficPolice/internal/service/mocks/ExpertService.go:17.70,20.19 2 0
TrafficPolice/internal/service/mocks/ExpertService.go:20.19,21.49 1 0
TrafficPolice/internal/service/mocks/ExpertService.go:24.2,26.66 3 0
TrafficPolice/internal/service/mocks/ExpertService.go:26.66,28.3 1 0
TrafficPolice/internal/service/mocks/ExpertService.go:29.2,29.57 1 0
TrafficPolice/internal/service/mocks/ExpertService.go:29.57,31.3 1 0
TrafficPolice/internal/service/mocks/ExpertService.go:31.8,33.3 1 0
TrafficPolice/internal/service/mocks/ExpertService.go:35.2,35.51 1 0
TrafficPolice/internal/service/mocks/ExpertService.go:35.51,37.3 1 0
TrafficPolice/internal/service/mocks/ExpertService.go:37.8,39.3 1 0
TrafficPolice/internal/service/mocks/ExpertService.go:41.2,41.15 1 0
TrafficPolice/internal/service/mocks/ExpertService.go:45.84,48.19 2 0
TrafficPolice/internal/service/mocks/ExpertService.go:48.19,49.63 1 0
TrafficPolice/internal/service/mocks/ExpertService.go:52.2,54.66 3 0
TrafficPolice/internal/service/mocks/ExpertService.go:54.66,56.3 1 0
TrafficPolice/internal/service/mocks/ExpertService.go:57.2,57.57 1 0
TrafficPolice/internal/service/mocks/ExpertService.go:57.57,59.3 1 0
TrafficPolice/internal/service/mocks/ExpertService.go:59.8,61.3 1 0
TrafficPolice/internal/service/mocks/ExpertService.go:63.2,63.51 1 0
TrafficPolice/internal/service/mocks/ExpertService.go:63.51,65.3 1 0
TrafficPolice/internal/service/mocks/ExpertService.go:65.8,67.3 1 0
TrafficPolice/internal/service/mocks/ExpertService.go:69.2,69.15 1 0
TrafficPolice/internal/service/mocks/ExpertService.go:73.82,76.19 2 0
TrafficPolice/internal/service/mocks/ExpertService.go:76.19,77.59 1 0
TrafficPolice/internal/service/mocks/ExpertService.go:80.2,82.68 3 0
TrafficPolice/internal/service/mocks/ExpertService.go:82.68,84.3 1 0
TrafficPolice/internal/service/mocks/ExpertService.go:85.2,85.59 1 0
TrafficPolice/internal/service/mocks/ExpertService.go:85.59,87.3 1 0
TrafficPolice/internal/service/mocks/ExpertService.go:87.8,89.3 1 0
TrafficPolice/internal/service/mocks/ExpertService.go:91.2,91.51 1 0
TrafficPolice/internal/service/mocks/ExpertService.go:91.51,93.3 1 0
TrafficPolice/internal/service/mocks/ExpertService.go:93.8,95.3 1 0
TrafficPolice/internal/service/mocks/ExpertService.go:97.2,97.15 1 0
TrafficPolice/internal/service/mocks/ExpertService.go:101.101,104.19 2 0
TrafficPolice/internal/service/mocks/ExpertService.go:104.19,105.57 1 0
TrafficPolice/internal/service/mocks/ExpertService.go:108.2,110.87 3 0
TrafficPolice/internal/service/mocks/ExpertService.go:110.87,112.3 1 0
TrafficPolice/internal/service/mocks/ExpertService.go:113.2,113.78 1 0
TrafficPolice/internal/service/mocks/ExpertService.go:113.78,115.3 1 0
TrafficPolice/internal/service/mocks/ExpertService.go:115.8,117.3 1 0
TrafficPolice/internal/service/mocks/ExpertService.go:119.2,119.60 1 0
TrafficPolice/internal/service/mocks/ExpertService.go:119.60,121.3 1 0
TrafficPolice/internal/service/mocks/ExpertService.go:121.8,123.3 1 0
TrafficPolice/internal/service/mocks/ExpertService.go:125.2,125.15 1 0
TrafficPolice/internal/service/mocks/ExpertService.go:133.19,137.19 3 0
TrafficPolice/internal/service/mocks/ExpertService.go:137.19,137.49 1 0
TrafficPolice/internal/service/mocks/ExpertService.go:139.2,139.13 1 0
TrafficPolice/internal/service/mocks/ImgService.go:13.77,16.19 2 0
TrafficPolice/internal/service/mocks/ImgService.go:16.19,17.56 1 0
TrafficPolice/internal/service/mocks/ImgService.go:20.2,22.69 3 0
TrafficPolice/internal/service/mocks/ImgService.go:22.69,24.3 1 0
TrafficPolice/internal/service/mocks/ImgService.go:25.2,25.60 1 0
TrafficPolice/internal/service/mocks/ImgService.go:25.60,27.3 1 0
TrafficPolice/internal/service/mocks/ImgService.go:27.8,29.3 1 0
TrafficPolice/internal/service/mocks/ImgService.go:31.2,31.59 1 0
TrafficPolice/internal/service/mocks/ImgService.go:31.59,33.3 1 0
TrafficPolice/internal/service/mocks/ImgService.go:33.8,35.3 1 0
TrafficPolice/internal/service/mocks/ImgService.go:37.2,37.15 1 0
TrafficPolice/internal/service/mocks/ImgService.go:41.66,44.19 2 0
TrafficPolice/internal/service/mocks/ImgService.go:44.19,45.49 1 0
TrafficPolice/internal/service/mocks/ImgService.go:48.2,49.59 2 0
TrafficPolice/internal/service/mocks/ImgService.go:49.59,51.3 1 0
TrafficPolice/internal/service/mocks/ImgService.go:51.8,53.3 1 0
TrafficPolice/internal/service/mocks/ImgService.go:55.2,55.11 1 0
TrafficPolice/internal/service/mocks/ImgService.go:63.16,67.19 3 0
TrafficPolice/internal/service/mocks/ImgService.go:67.19,67.49 1 0
TrafficPolice/internal/service/mocks/ImgService.go:69.2,69.13 1 0
TrafficPolice/internal/service/mocks/RatingService.go:17.67,20.19 2 0
TrafficPolice/internal/service/mocks/RatingService.go:20.19,21.51 1 0
TrafficPolice/internal/service/mocks/RatingService.go:24.2,26.68 3 0
TrafficPolice/internal/service/mocks/RatingService.go:26.68,28.3 1 0
TrafficPolice/internal/service/mocks/RatingService.go:29.2,29.59 1 0
TrafficPolice/internal/service/mocks/RatingService.go:29.59,31.3 1 0
TrafficPolice/internal/service/mocks/RatingService.go:31.8,32.24 1 0
TrafficPolice/internal/service/mocks/RatingService.go:32.24,34.4 1 0
TrafficPolice/internal/service/mocks/RatingService.go:37.2,37.45 1 0
TrafficPolice/internal/service/mocks/RatingService.go:37.45,39.3 1 0
TrafficPolice/internal/service/mocks/RatingService.go:39.8,41.3 1 0
TrafficPolice/internal/service/mocks/RatingService.go:43.2,43.15 1 0
TrafficPolice/internal/service/mocks/RatingService.go:47.64,49.2 1 0
TrafficPolice/internal/service/mocks/RatingService.go:52.80,55.19 2 0
TrafficPolice/internal/service/mocks/RatingService.go:55.19,56.51 1 0
TrafficPolice/internal/service/mocks/RatingService.go:59.2,60.68 2 0
TrafficPolice/internal/service/mocks/RatingService.go:60.68,62.3 1 0
TrafficPolice/internal/service/mocks/RatingService.go:62.8,64.3 1 0
TrafficPolice/internal/service/mocks/RatingService.go:66.2,66.11 1 0
TrafficPolice/internal/service/mocks/RatingService.go:74.19,78.19 3 0
TrafficPolice/internal/service/mocks/RatingService.go:78.19,78.49 1 0
TrafficPolice/internal/service/mocks/RatingService.go:80.2,80.13 1 0
TrafficPolice/internal/config/config.go:46.48,48.16 2 0
TrafficPolice/internal/config/config.go:48.16,50.3 1 0
TrafficPolice/internal/config/config.go:52.2,55.17 3 0
TrafficPolice/internal/domain/date.go:11.56,13.2 1 0
TrafficPolice/internal/domain/date.go:15.42,18.2 1 1
TrafficPolice/internal/repository/mocks/AuthRepo.go:19.59,22.19 2 1
TrafficPolice/internal/repository/mocks/AuthRepo.go:22.19,23.57 1 0
TrafficPolice/internal/repository/mocks/AuthRepo.go:26.2,27.50 2 1
TrafficPolice/internal/repository/mocks/AuthRepo.go:27.50,29.3 1 0
TrafficPolice/internal/repository/mocks/AuthRepo.go:29.8,31.3 1 1
TrafficPolice/internal/repository/mocks/AuthRepo.go:33.2,33.11 1 1
TrafficPolice/internal/repository/mocks/AuthRepo.go:37.68,40.19 2 1
TrafficPolice/internal/repository/mocks/AuthRepo.go:40.19,41.55 1 0
TrafficPolice/internal/repository/mocks/AuthRepo.go:44.2,45.65 2 1
TrafficPolice/internal/repository/mocks/AuthRepo.go:45.65,47.3 1 0
TrafficPolice/internal/repository/mocks/AuthRepo.go:47.8,49.3 1 1
TrafficPolice/internal/repository/mocks/AuthRepo.go:51.2,51.11 1 1
TrafficPolice/internal/repository/mocks/AuthRepo.go:55.90,58.19 2 1
TrafficPolice/internal/repository/mocks/AuthRepo.go:58.19,59.54 1 0
TrafficPolice/internal/repository/mocks/AuthRepo.go:62.2,64.79 3 1
TrafficPolice/internal/repository/mocks/AuthRepo.go:64.79,66.3 1 0
TrafficPolice/internal/repository/mocks/AuthRepo.go:67.2,67.70 1 1
TrafficPolice/internal/repository/mocks/AuthRepo.go:67.70,69.3 1 0
TrafficPolice/internal/repository/mocks/AuthRepo.go:69.8,71.3 1 1
TrafficPolice/internal/repository/mocks/AuthRepo.go:73.2,73.69 1 1
TrafficPolice/internal/repository/mocks/AuthRepo.go:73.69,75.3 1 0
TrafficPolice/internal/repository/mocks/AuthRepo.go:75.8,77.3 1 1
TrafficPolice/internal/repository/mocks/AuthRepo.go:79.2,79.15 1 1
TrafficPolice/internal/repository/mocks/AuthRepo.go:83.68,86.19 2 1
TrafficPolice/internal/repository/mocks/AuthRepo.go:86.19,87.56 1 0
TrafficPolice/internal/repository/mocks/AuthRepo.go:90.2,91.60 2 1
TrafficPolice/internal/repository/mocks/AuthRepo.go:91.60,93.3 1 0
TrafficPolice/internal/repository/mocks/AuthRepo.go:93.8,95.3 1 1
TrafficPolice/internal/repository/mocks/AuthRepo.go:97.2,97.11 1 1
TrafficPolice/internal/repository/mocks/AuthRepo.go:101.62,104.19 2 1
TrafficPolice/internal/repository/mocks/AuthRepo.go:104.19,105.54 1 0
TrafficPolice/internal/repository/mocks/AuthRepo.go:108.2,109.58 2 1
TrafficPolice/internal/repository/mocks/AuthRepo.go:109.58,111.3 1 0
TrafficPolice/internal/repository/mocks/AuthRepo.go:111.8,113.3 1 1
TrafficPolice/internal/repository/mocks/AuthRepo.go:115.2,115.11 1 1
TrafficPolice/internal/repository/mocks/AuthRepo.go:119.60,122.19 2 1
TrafficPolice/internal/repository/mocks/AuthRepo.go:122.19,123.52 1 0
TrafficPolice/internal/repository/mocks/AuthRepo.go:126.2,127.60 2 1
TrafficPolice/internal/repository/mocks/AuthRepo.go:127.60,129.3 1 0
TrafficPolice/internal/repository/mocks/AuthRepo.go:129.8,131.3 1 1
TrafficPolice/internal/repository/mocks/AuthRepo.go:133.2,133.11 1 1
TrafficPolice/internal/repository/mocks/AuthRepo.go:137.70,140.19 2 1
TrafficPolice/internal/repository/mocks/AuthRepo.go:140.19,141.48 1 0
TrafficPolice/internal/repository/mocks/AuthRepo.go:144.2,146.70 3 1
TrafficPolice/internal/repository/mocks/AuthRepo.go:146.70,148.3 1 0
TrafficPolice/internal/repository/mocks/AuthRepo.go:149.2,149.61 1 1
TrafficPolice/internal/repository/mocks/AuthRepo.go:149.61,151.3 1 0
TrafficPolice/internal/repository/mocks/AuthRepo.go:151.8,153.3 1 1
TrafficPolice/internal/repository/mocks/AuthRepo.go:155.2,155.51 1 1
TrafficPolice/internal/repository/mocks/AuthRepo.go:155.51,157.3 1 0
TrafficPolice/internal/repository/mocks/AuthRepo.go:157.8,159.3 1 1
TrafficPolice/internal/repository/mocks/AuthRepo.go:161.2,161.15 1 1
TrafficPolice/internal/repository/mocks/AuthRepo.go:169.14,173.19 3 1
TrafficPolice/internal/repository/mocks/AuthRepo.go:173.19,173.49 1 1
TrafficPolice/internal/repository/mocks/AuthRepo.go:175.2,175.13 1 1
TrafficPolice/internal/repository/mocks/CaseRepo.go:19.69,22.19 2 1
TrafficPolice/internal/repository/mocks/CaseRepo.go:22.19,23.53 1 0
TrafficPolice/internal/repository/mocks/CaseRepo.go:26.2,28.66 3 1
TrafficPolice/internal/repository/mocks/CaseRepo.go:28.66,30.3 1 0
TrafficPolice/internal/repository/mocks/CaseRepo.go:31.2,31.57 1 1
TrafficPolice/internal/repository/mocks/CaseRepo.go:31.57,33.3 1 0
TrafficPolice/internal/repository/mocks/CaseRepo.go:33.8,35.3 1 1
TrafficPolice/internal/repository/mocks/CaseRepo.go:37.2,37.51 1 1
TrafficPolice/internal/repository/mocks/CaseRepo.go:37.51,39.3 1 0
TrafficPolice/internal/repository/mocks/CaseRepo.go:39.8,41.3 1 1
TrafficPolice/internal/repository/mocks/CaseRepo.go:43.2,43.15 1 1
TrafficPolice/internal/repository/mocks/CaseRepo.go:47.79,50.19 2 0
TrafficPolice/internal/repository/mocks/CaseRepo.go:50.19,51.63 1 0
TrafficPolice/internal/repository/mocks/CaseRepo.go:54.2,56.66 3 0
TrafficPolice/internal/repository/mocks/CaseRepo.go:56.66,58.3 1 0
TrafficPolice/internal/repository/mocks/CaseRepo.go:59.2,59.57 1 0
TrafficPolice/internal/repository/mocks/CaseRepo.go:59.57,61.3 1 0
TrafficPolice/internal/repository/mocks/CaseRepo.go:61.8,63.3 1 0
TrafficPolice/internal/repository/mocks/CaseRepo.go:65.2,65.51 1 0
TrafficPolice/internal/repository/mocks/CaseRepo.go:65.51,67.3 1 0
TrafficPolice/internal/repository/mocks/CaseRepo.go:67.8,69.3 1 0
TrafficPolice/internal/repository/mocks/CaseRepo.go:71.2,71.15 1 0
TrafficPolice/internal/repository/mocks/CaseRepo.go:75.63,78.19 2 1
TrafficPolice/internal/repository/mocks/CaseRepo.go:78.19,79.52 1 0
TrafficPolice/internal/repository/mocks/CaseRepo.go:82.2,84.66 3 1
TrafficPolice/internal/repository/mocks/CaseRepo.go:84.66,86.3 1 0
TrafficPolice/internal/repository/mocks/CaseRepo.go:87.2,87.57 1 1
TrafficPolice/internal/repository/mocks/CaseRepo.go:87.57,89.3 1 0
TrafficPolice/internal/repository/mocks/CaseRepo.go:89.8,91.3 1 1
TrafficPolice/internal/repository/mocks/CaseRepo.go:93.2,93.56 1 1
TrafficPolice/internal/repository/mocks/CaseRepo.go:93.56,95.3 1 0
TrafficPolice/internal/repository/mocks/CaseRepo.go:95.8,97.3 1 1
TrafficPolice/internal/repository/mocks/CaseRepo.go:99.2,99.15 1 1
TrafficPolice/internal/repository/mocks/CaseRepo.go:103.101,106.19 2 1
TrafficPolice/internal/repository/mocks/CaseRepo.go:106.19,107.61 1 0
TrafficPolice/internal/repository/mocks/CaseRepo.go:110.2,111.68 2 1
TrafficPolice/internal/repository/mocks/CaseRepo.go:111.68,113.3 1 0
TrafficPolice/internal/repository/mocks/CaseRepo.go:113.8,115.3 1 1
TrafficPolice/internal/repository/mocks/CaseRepo.go:117.2,117.11 1 1
TrafficPolice/internal/repository/mocks/CaseRepo.go:121.85,124.19 2 1
TrafficPolice/internal/repository/mocks/CaseRepo.go:124.19,125.65 1 0
TrafficPolice/internal/repository/mocks/CaseRepo.go:128.2,129.56 2 1
TrafficPolice/internal/repository/mocks/CaseRepo.go:129.56,131.3 1 0
TrafficPolice/internal/repository/mocks/CaseRepo.go:131.8,133.3 1 1
TrafficPolice/internal/repository/mocks/CaseRepo.go:135.2,135.11 1 1
TrafficPolice/internal/repository/mocks/CaseRepo.go:143.14,147.19 3 1
TrafficPolice/internal/repository/mocks/CaseRepo.go:147.19,147.49 1 1
TrafficPolice/internal/repository/mocks/CaseRepo.go:149.2,149.13 1 1
TrafficPolice/internal/repository/mocks/CheckerRepo.go:13.73,16.19 2 1
TrafficPolice/internal/repository/mocks/CheckerRepo.go:16.19,17.59 1 0
TrafficPolice/internal/repository/mocks/CheckerRepo.go:20.2,22.59 3 1
TrafficPolice/internal/repository/mocks/CheckerRepo.go:22.59,24.3 1 0
TrafficPolice/internal/repository/mocks/CheckerRepo.go:25.2,25.50 1 1
TrafficPolice/internal/repository/mocks/CheckerRepo.go:25.50,27.3 1 0
TrafficPolice/internal/repository/mocks/CheckerRepo.go:27.8,29.3 1 1
TrafficPolice/internal/repository/mocks/CheckerRepo.go:31.2,31.51 1 1
TrafficPolice/internal/repository/mocks/CheckerRepo.go:31.51,33.3 1 0
TrafficPolice/internal/repository/mocks/CheckerRepo.go:33.8,35.3 1 1
TrafficPolice/internal/repository/mocks/CheckerRepo.go:37.2,37.15 1 1
TrafficPolice/internal/repository/mocks/CheckerRepo.go:45.17,49.19 3 1
TrafficPolice/internal/repository/mocks/CheckerRepo.go:49.19,49.49 1 1
TrafficPolice/internal/repository/mocks/CheckerRepo.go:51.2,51.13 1 1
TrafficPolice/internal/repository/mocks/DirectorRepo.go:19.65,22.19 2 1
TrafficPolice/internal/repository/mocks/DirectorRepo.go:22.19,23.50 1 0
TrafficPolice/internal/repository/mocks/DirectorRepo.go:26.2,28.68 3 1
TrafficPolice/internal/repository/mocks/DirectorRepo.go:28.68,30.3 1 0
TrafficPolice/internal/repository/mocks/DirectorRepo.go:31.2,31.59 1 1
TrafficPolice/internal/repository/mocks/DirectorRepo.go:31.59,33.3 1 0
TrafficPolice/internal/repository/mocks/DirectorRepo.go:33.8,34.24 1 1
TrafficPolice/internal/repository/mocks/DirectorRepo.go:34.24,36.4 1 1
TrafficPolice/internal/repository/mocks/DirectorRepo.go:39.2,39.45 1 1
TrafficPolice/internal/repository/mocks/DirectorRepo.go:39.45,41.3 1 0
TrafficPolice/internal/repository/mocks/DirectorRepo.go:41.8,43.3 1 1
TrafficPolice/internal/repository/mocks/DirectorRepo.go:45.2,45.15 1 1
TrafficPolice/internal/repository/mocks/DirectorRepo.go:49.152,52.19 2 1
TrafficPolice/internal/repository/mocks/DirectorRepo.go:52.19,53.64 1 0
TrafficPolice/internal/repository/mocks/DirectorRepo.go:56.2,58.114 3 1
TrafficPolice/internal/repository/mocks/DirectorRepo.go:58.114,60.3 1 0
TrafficPolice/internal/repository/mocks/DirectorRepo.go:61.2,61.105 1 1
TrafficPolice/internal/repository/mocks/DirectorRepo.go:61.105,63.3 1 0
TrafficPolice/internal/repository/mocks/DirectorRepo.go:63.8,64.24 1 1
TrafficPolice/internal/repository/mocks/DirectorRepo.go:64.24,66.4 1 1
TrafficPolice/internal/repository/mocks/DirectorRepo.go:69.2,69.73 1 1
TrafficPolice/internal/repository/mocks/DirectorRepo.go:69.73,71.3 1 0
TrafficPolice/internal/repository/mocks/DirectorRepo.go:71.8,73.3 1 1
TrafficPolice/internal/repository/mocks/DirectorRepo.go:75.2,75.15 1 1
TrafficPolice/internal/repository/mocks/DirectorRepo.go:83.18,87.19 3 1
TrafficPolice/internal/repository/mocks/DirectorRepo.go:87.19,87.49 1 1
TrafficPolice/internal/repository/mocks/DirectorRepo.go:89.2,89.13 1 1
TrafficPolice/internal/repository/mocks/ExpertRepo.go:17.89,20.19 2 1
TrafficPolice/internal/repository/mocks/ExpertRepo.go:20.19,21.62 1 0
TrafficPolice/internal/repository/mocks/ExpertRepo.go:24.2,26.75 3 1
TrafficPolice/internal/repository/mocks/ExpertRepo.go:26.75,28.3 1 0
TrafficPolice/internal/repository/mocks/ExpertRepo.go:29.2,29.66 1 1
TrafficPolice/internal/repository/mocks/ExpertRepo.go:29.66,31.3 1 0
TrafficPolice/internal/repository/mocks/ExpertRepo.go:31.8,33.3 1 1
TrafficPolice/internal/repository/mocks/ExpertRepo.go:35.2,35.51 1 1
TrafficPolice/internal/repository/mocks/ExpertRepo.go:35.51,37.3 1 0
TrafficPolice/internal/repository/mocks/ExpertRepo.go:37.8,39.3 1 1
TrafficPolice/internal/repository/mocks/ExpertRepo.go:41.2,41.15 1 1
TrafficPolice/internal/repository/mocks/ExpertRepo.go:45.79,48.19 2 1
TrafficPolice/internal/repository/mocks/ExpertRepo.go:48.19,49.59 1 0
TrafficPolice/internal/repository/mocks/ExpertRepo.go:52.2,54.68 3 1
TrafficPolice/internal/repository/mocks/ExpertRepo.go:54.68,56.3 1 0
TrafficPolice/internal/repository/mocks/ExpertRepo.go:57.2,57.59 1 1
TrafficPolice/internal/repository/mocks/ExpertRepo.go:57.59,59.3 1 0
TrafficPolice/internal/repository/mocks/ExpertRepo.go:59.8,61.3 1 1
TrafficPolice/internal/repository/mocks/ExpertRepo.go:63.2,63.51 1 1
TrafficPolice/internal/repository/mocks/ExpertRepo.go:63.51,65.3 1 0
TrafficPolice/internal/repository/mocks/ExpertRepo.go:65.8,67.3 1 1
TrafficPolice/internal/repository/mocks/ExpertRepo.go:69.2,69.15 1 1
TrafficPolice/internal/repository/mocks/ExpertRepo.go:73.80,76.19 2 1
TrafficPolice/internal/repository/mocks/ExpertRepo.go:76.19,77.64 1 0
TrafficPolice/internal/repository/mocks/ExpertRepo.go:80.2,82.55 3 1
TrafficPolice/internal/repository/mocks/ExpertRepo.go:82.55,84.3 1 0
TrafficPolice/internal/repository/mocks/ExpertRepo.go:85.2,85.46 1 1
TrafficPolice/internal/repository/mocks/ExpertRepo.go:85.46,87.3 1 0
TrafficPolice/internal/repository/mocks/ExpertRepo.go:87.8,89.3 1 1
TrafficPolice/internal/repository/mocks/ExpertRepo.go:91.2,91.48 1 1
TrafficPolice/internal/repository/mocks/ExpertRepo.go:91.48,93.3 1 0
TrafficPolice/internal/repository/mocks/ExpertRepo.go:93.8,95.3 1 1
TrafficPolice/internal/repository/mocks/ExpertRepo.go:97.2,97.15 1 1
TrafficPolice/internal/repository/mocks/ExpertRepo.go:101.79,104.19 2 1
TrafficPolice/internal/repository/mocks/ExpertRepo.go:104.19,105.64 1 0
TrafficPolice/internal/repository/mocks/ExpertRepo.go:108.2,110.61 3 1
TrafficPolice/internal/repository/mocks/ExpertRepo.go:110.61,112.3 1 0
TrafficPolice/internal/repository/mocks/ExpertRepo.go:113.2,113.52 1 1
TrafficPolice/internal/repository/mocks/ExpertRepo.go:113.52,115.3 1 0
TrafficPolice/internal/repository/mocks/ExpertRepo.go:115.8,117.3 1 1
TrafficPolice/internal/repository/mocks/ExpertRepo.go:119.2,119.51 1 1
TrafficPolice/internal/repository/mocks/ExpertRepo.go:119.51,121.3 1 0
TrafficPolice/internal/repository/mocks/ExpertRepo.go:121.8,123.3 1 1
TrafficPolice/internal/repository/mocks/ExpertRepo.go:125.2,125.15 1 1
TrafficPolice/internal/repository/mocks/ExpertRepo.go:129.83,132.19 2 1
TrafficPolice/internal/repository/mocks/ExpertRepo.go:132.19,133.58 1 0
TrafficPolice/internal/repository/mocks/ExpertRepo.go:136.2,138.73 3 1
TrafficPolice/internal/repository/mocks/ExpertRepo.go:138.73,140.3 1 0
TrafficPolice/internal/repository/mocks/ExpertRepo.go:141.2,141.64 1 1
TrafficPolice/internal/repository/mocks/ExpertRepo.go:141.64,143.3 1 0
TrafficPolice/internal/repository/mocks/ExpertRepo.go:143.8,145.3 1 1
TrafficPolice/internal/repository/mocks/ExpertRepo.go:147.2,147.58 1 1
TrafficPolice/internal/repository/mocks/ExpertRepo.go:147.58,149.3 1 0
TrafficPolice/internal/repository/mocks/ExpertRepo.go:149.8,151.3 1 1
TrafficPolice/internal/repository/mocks/ExpertRepo.go:153.2,153.15 1 1
TrafficPolice/internal/repository/mocks/ExpertRepo.go:157.79,160.19 2 1
TrafficPolice/internal/repository/mocks/ExpertRepo.go:160.19,161.61 1 0
TrafficPolice/internal/repository/mocks/ExpertRepo.go:164.2,165.62 2 1
TrafficPolice/internal/repository/mocks/ExpertRepo.go:165.62,167.3 1 0
TrafficPolice/internal/repository/mocks/ExpertRepo.go:167.8,169.3 1 1
TrafficPolice/internal/repository/mocks/ExpertRepo.go:171.2,171.11 1 1
TrafficPolice/internal/repository/mocks/ExpertRepo.go:175.71,178.19 2 1
TrafficPolice/internal/repository/mocks/ExpertRepo.go:178.19,179.57 1 0
TrafficPolice/internal/repository/mocks/ExpertRepo.go:182.2,183.60 2 1
TrafficPolice/internal/repository/mocks/ExpertRepo.go:183.60,185.3 1 0
TrafficPolice/internal/repository/mocks/ExpertRepo.go:185.8,187.3 1 1
TrafficPolice/internal/repository/mocks/ExpertRepo.go:189.2,189.11 1 1
TrafficPolice/internal/repository/mocks/ExpertRepo.go:197.16,201.19 3 1
TrafficPolice/internal/repository/mocks/ExpertRepo.go:201.19,201.49 1 1
TrafficPolice/internal/repository/mocks/ExpertRepo.go:203.2,203.13 1 1
TrafficPolice/internal/repository/mocks/PaginationRepo.go:13.70,16.19 2 1
TrafficPolice/internal/repository/mocks/PaginationRepo.go:16.19,17.57 1 0
TrafficPolice/internal/repository/mocks/PaginationRepo.go:20.2,22.58 3 1
TrafficPolice/internal/repository/mocks/PaginationRepo.go:22.58,24.3 1 0
TrafficPolice/internal/repository/mocks/PaginationRepo.go:25.2,25.49 1 1
TrafficPolice/internal/repository/mocks/PaginationRepo.go:25.49,27.3 1 0
TrafficPolice/internal/repository/mocks/PaginationRepo.go:27.8,29.3 1 1
TrafficPolice/internal/repository/mocks/PaginationRepo.go:31.2,31.51 1 1
TrafficPolice/internal/repository/mocks/PaginationRepo.go:31.51,33.3 1 0
TrafficPolice/internal/repository/mocks/PaginationRepo.go:33.8,35.3 1 1
TrafficPolice/internal/repository/mocks/PaginationRepo.go:37.2,37.15 1 1
TrafficPolice/internal/repository/mocks/PaginationRepo.go:45.20,49.19 3 1
TrafficPolice/internal/repository/mocks/PaginationRepo.go:49.19,49.49 1 1
TrafficPolice/internal/repository/mocks/PaginationRepo.go:51.2,51.13 1 1
TrafficPolice/internal/repository/mocks/RatingRepo.go:17.43,20.19 2 0
TrafficPolice/internal/repository/mocks/RatingRepo.go:20.19,21.53 1 0
TrafficPolice/internal/repository/mocks/RatingRepo.go:24.2,25.45 2 0
TrafficPolice/internal/repository/mocks/RatingRepo.go:25.45,27.3 1 0
TrafficPolice/internal/repository/mocks/RatingRepo.go:27.8,29.3 1 0
TrafficPolice/internal/repository/mocks/RatingRepo.go:31.2,31.11 1 0
TrafficPolice/internal/repository/mocks/RatingRepo.go:35.91,38.19 2 0
TrafficPolice/internal/repository/mocks/RatingRepo.go:38.19,39.58 1 0
TrafficPolice/internal/repository/mocks/RatingRepo.go:42.2,44.73 3 0
TrafficPolice/internal/repository/mocks/RatingRepo.go:44.73,46.3 1 0
TrafficPolice/internal/repository/mocks/RatingRepo.go:47.2,47.64 1 0
TrafficPolice/internal/repository/mocks/RatingRepo.go:47.64,49.3 1 0
TrafficPolice/internal/repository/mocks/RatingRepo.go:49.8,50.24 1 0
TrafficPolice/internal/repository/mocks/RatingRepo.go:50.24,52.4 1 0
TrafficPolice/internal/repository/mocks/RatingRepo.go:55.2,55.48 1 0
TrafficPolice/internal/repository/mocks/RatingRepo.go:55.48,57.3 1 0
TrafficPolice/internal/repository/mocks/RatingRepo.go:57.8,59.3 1 0
TrafficPolice/internal/repository/mocks/RatingRepo.go:61.2,61.15 1 0
TrafficPolice/internal/repository/mocks/RatingRepo.go:65.64,68.19 2 0
TrafficPolice/internal/repository/mocks/RatingRepo.go:68.19,69.51 1 0
TrafficPolice/internal/repository/mocks/RatingRepo.go:72.2,74.68 3 0
TrafficPolice/internal/repository/mocks/RatingRepo.go:74.68,76.3 1 0
TrafficPolice/internal/repository/mocks/RatingRepo.go:77.2,77.59 1 0
TrafficPolice/internal/repository/mocks/RatingRepo.go:77.59,79.3 1 0
TrafficPolice/internal/repository/mocks/RatingRepo.go:79.8,80.24 1 0
TrafficPolice/internal/repository/mocks/RatingRepo.go:80.24,82.4 1 0
TrafficPolice/internal/repository/mocks/RatingRepo.go:85.2,85.45 1 0
TrafficPolice/internal/repository/mocks/RatingRepo.go:85.45,87.3 1 0
TrafficPolice/internal/repository/mocks/RatingRepo.go:87.8,89.3 1 0
TrafficPolice/internal/repository/mocks/RatingRepo.go:91.2,91.15 1 0
TrafficPolice/internal/repository/mocks/RatingRepo.go:95.121,98.19 2 0
TrafficPolice/internal/repository/mocks/RatingRepo.go:98.19,99.64 1 0
TrafficPolice/internal/repository/mocks/RatingRepo.go:102.2,104.99 3 0
TrafficPolice/internal/repository/mocks/RatingRepo.go:104.99,106.3 1 0
TrafficPolice/internal/repository/mocks/RatingRepo.go:107.2,107.90 1 0
TrafficPolice/internal/repository/mocks/RatingRepo.go:107.90,109.3 1 0
TrafficPolice/internal/repository/mocks/RatingRepo.go:109.8,110.24 1 0
TrafficPolice/internal/repository/mocks/RatingRepo.go:110.24,112.4 1 0
TrafficPolice/internal/repository/mocks/RatingRepo.go:115.2,115.68 1 0
TrafficPolice/internal/repository/mocks/RatingRepo.go:115.68,117.3 1 0
TrafficPolice/internal/repository/mocks/RatingRepo.go:117.8,119.3 1 0
TrafficPolice/internal/repository/mocks/RatingRepo.go:121.2,121.15 1 0
TrafficPolice/internal/repository/mocks/RatingRepo.go:125.61,128.19 2 1
TrafficPolice/internal/repository/mocks/RatingRepo.go:128.19,129.56 1 0
TrafficPolice/internal/repository/mocks/RatingRepo.go:132.2,133.51 2 1
TrafficPolice/internal/repository/mocks/RatingRepo.go:133.51,135.3 1 0
TrafficPolice/internal/repository/mocks/RatingRepo.go:135.8,137.3 1 1
TrafficPolice/internal/repository/mocks/RatingRepo.go:139.2,139.11 1 1
TrafficPolice/internal/repository/mocks/RatingRepo.go:143.78,146.19 2 0
TrafficPolice/internal/repository/mocks/RatingRepo.go:146.19,147.51 1 0
TrafficPolice/internal/repository/mocks/RatingRepo.go:150.2,151.72 2 0
TrafficPolice/internal/repository/mocks/RatingRepo.go:151.72,153.3 1 0
TrafficPolice/internal/repository/mocks/RatingRepo.go:153.8,155.3 1 0
TrafficPolice/internal/repository/mocks/RatingRepo.go:157.2,157.11 1 0
TrafficPolice/internal/repository/mocks/RatingRepo.go:161.90,164.19 2 0
TrafficPolice/internal/repository/mocks/RatingRepo.go:164.19,165.64 1 0
TrafficPolice/internal/repository/mocks/RatingRepo.go:168.2,169.75 2 0
TrafficPolice/internal/repository/mocks/RatingRepo.go:169.75,171.3 1 0
TrafficPolice/internal/repository/mocks/RatingRepo.go:171.8,173.3 1 0
TrafficPolice/internal/repository/mocks/RatingRepo.go:175.2,175.11 1 0
TrafficPolice/internal/repository/mocks/RatingRepo.go:183.16,187.19 3 1
TrafficPolice/internal/repository/mocks/RatingRepo.go:187.19,187.49 1 1
TrafficPolice/internal/repository/mocks/RatingRepo.go:189.2,189.13 1 1
TrafficPolice/internal/repository/mocks/TransportRepo.go:13.98,16.19 2 1
TrafficPolice/internal/repository/mocks/TransportRepo.go:16.19,17.56 1 0
TrafficPolice/internal/repository/mocks/TransportRepo.go:20.2,22.77 3 1
TrafficPolice/internal/repository/mocks/TransportRepo.go:22.77,24.3 1 0
TrafficPolice/internal/repository/mocks/TransportRepo.go:25.2,25.68 1 1
TrafficPolice/internal/repository/mocks/TransportRepo.go:25.68,27.3 1 0
TrafficPolice/internal/repository/mocks/TransportRepo.go:27.8,29.3 1 1
TrafficPolice/internal/repository/mocks/TransportRepo.go:31.2,31.67 1 1
TrafficPolice/internal/repository/mocks/TransportRepo.go:31.67,33.3 1 0
TrafficPolice/internal/repository/mocks/TransportRepo.go:33.8,35.3 1 1
TrafficPolice/internal/repository/mocks/TransportRepo.go:37.2,37.15 1 1
TrafficPolice/internal/repository/mocks/TransportRepo.go:45.19,49.19 3 1
TrafficPolice/internal/repository/mocks/TransportRepo.go:49.19,49.49 1 1
TrafficPolice/internal/repository/mocks/TransportRepo.go:51.2,51.13 1 1
TrafficPolice/internal/service/auth.go:36.15,44.2 1 1
TrafficPolice/internal/service/auth.go:46.66,48.19 2 1
TrafficPolice/internal/service/auth.go:48.19,50.3 1 1
TrafficPolice/internal/service/auth.go:52.2,53.16 2 1
TrafficPolice/internal/service/auth.go:53.16,55.3 1 0
TrafficPolice/internal/service/auth.go:57.2,61.16 5 1
TrafficPolice/internal/service/auth.go:61.16,63.3 1 0
TrafficPolice/internal/service/auth.go:65.2,70.12 2 1
TrafficPolice/internal/service/auth.go:73.82,75.19 2 1
TrafficPolice/internal/service/auth.go:75.19,77.3 1 1
TrafficPolice/internal/service/auth.go:79.2,80.16 2 1
TrafficPolice/internal/service/auth.go:80.16,82.3 1 0
TrafficPolice/internal/service/auth.go:84.2,94.16 5 1
TrafficPolice/internal/service/auth.go:94.16,96.3 1 0
TrafficPolice/internal/service/auth.go:98.2,98.53 1 1
TrafficPolice/internal/service/auth.go:101.72,102.23 1 1
TrafficPolice/internal/service/auth.go:102.23,104.20 2 1
TrafficPolice/internal/service/auth.go:104.20,105.12 1 0
TrafficPolice/internal/service/auth.go:108.3,109.17 2 1
TrafficPolice/internal/service/auth.go:109.17,111.4 1 0
TrafficPolice/internal/service/auth.go:113.3,118.17 5 1
TrafficPolice/internal/service/auth.go:118.17,120.4 1 0
TrafficPolice/internal/service/auth.go:122.3,127.17 2 1
TrafficPolice/internal/service/auth.go:127.17,129.4 1 0
TrafficPolice/internal/service/auth.go:132.2,132.12 1 1
TrafficPolice/internal/service/auth.go:135.76,137.16 2 1
TrafficPolice/internal/service/auth.go:137.16,139.3 1 1
TrafficPolice/internal/service/auth.go:141.2,142.16 2 1
TrafficPolice/internal/service/auth.go:142.16,144.3 1 0
TrafficPolice/internal/service/auth.go:146.2,146.36 1 1
TrafficPolice/internal/service/auth.go:146.36,148.3 1 1
TrafficPolice/internal/service/auth.go:150.2,154.16 2 1
TrafficPolice/internal/service/auth.go:154.16,156.3 1 0
TrafficPolice/internal/service/auth.go:158.2,159.16 2 1
TrafficPolice/internal/service/auth.go:159.16,161.3 1 0
TrafficPolice/internal/service/auth.go:163.2,163.81 1 1
TrafficPolice/internal/service/auth.go:166.70,168.16 2 1
TrafficPolice/internal/service/auth.go:168.16,170.3 1 1
TrafficPolice/internal/service/auth.go:171.2,171.51 1 1
TrafficPolice/internal/service/auth.go:174.86,176.2 1 0
TrafficPolice/internal/service/camera.go:19.63,21.2 1 0
TrafficPolice/internal/service/camera.go:23.85,27.2 3 0
TrafficPolice/internal/service/camera.go:29.82,31.2 1 0
TrafficPolice/internal/service/case.go:21.15,26.2 1 1
TrafficPolice/internal/service/case.go:28.62,33.16 4 1
TrafficPolice/internal/service/case.go:33.16,35.3 1 1
TrafficPolice/internal/service/case.go:36.2,38.33 2 1
TrafficPolice/internal/service/contactinfo.go:17.80,19.2 1 0
TrafficPolice/internal/service/contactinfo.go:21.88,22.31 1 0
TrafficPolice/internal/service/contactinfo.go:22.31,25.29 2 0
TrafficPolice/internal/service/contactinfo.go:25.29,28.4 2 0
TrafficPolice/internal/service/contactinfo.go:30.2,30.36 1 0
TrafficPolice/internal/service/director.go:25.19,30.2 1 1
TrafficPolice/internal/service/director.go:32.67,34.16 2 1
TrafficPolice/internal/service/director.go:34.16,36.3 1 1
TrafficPolice/internal/service/director.go:37.2,37.21 1 1
TrafficPolice/internal/service/director.go:37.21,39.3 1 1
TrafficPolice/internal/service/director.go:40.2,40.19 1 1
TrafficPolice/internal/service/director.go:47.39,50.16 2 1
TrafficPolice/internal/service/director.go:50.16,52.3 1 0
TrafficPolice/internal/service/director.go:53.2,53.21 1 1
TrafficPolice/internal/service/director.go:53.21,55.3 1 1
TrafficPolice/internal/service/director.go:57.2,58.16 2 1
TrafficPolice/internal/service/director.go:58.16,60.3 1 0
TrafficPolice/internal/service/director.go:62.2,63.45 2 1
TrafficPolice/internal/service/director.go:63.45,64.44 1 1
TrafficPolice/internal/service/director.go:64.44,66.4 1 1
TrafficPolice/internal/service/director.go:68.3,74.38 6 1
TrafficPolice/internal/service/director.go:74.38,77.31 2 1
TrafficPolice/internal/service/director.go:77.31,79.13 2 1
TrafficPolice/internal/service/director.go:82.4,82.64 1 1
TrafficPolice/internal/service/director.go:82.64,85.5 2 1
TrafficPolice/internal/service/director.go:85.10,85.71 1 1
TrafficPolice/internal/service/director.go:85.71,89.5 3 1
TrafficPolice/internal/service/director.go:91.3,100.5 2 1
TrafficPolice/internal/service/director.go:103.2,103.53 1 1
TrafficPolice/internal/service/director.go:103.53,105.3 1 1
TrafficPolice/internal/service/director.go:107.2,107.32 1 1
TrafficPolice/internal/service/expert.go:30.17,36.2 1 1
TrafficPolice/internal/service/expert.go:38.69,40.16 2 1
TrafficPolice/internal/service/expert.go:40.16,42.3 1 1
TrafficPolice/internal/service/expert.go:44.2,45.16 2 1
TrafficPolice/internal/service/expert.go:45.16,47.3 1 1
TrafficPolice/internal/service/expert.go:48.2,48.50 1 1
TrafficPolice/internal/service/expert.go:48.50,50.3 1 0
TrafficPolice/internal/service/expert.go:52.2,53.16 2 1
TrafficPolice/internal/service/expert.go:53.16,55.3 1 0
TrafficPolice/internal/service/expert.go:57.2,65.16 2 1
TrafficPolice/internal/service/expert.go:65.16,67.3 1 0
TrafficPolice/internal/service/expert.go:69.2,69.27 1 1
TrafficPolice/internal/service/expert.go:72.81,74.2 1 0
TrafficPolice/internal/service/expert.go:76.100,79.16 3 1
TrafficPolice/internal/service/expert.go:79.16,81.3 1 0
TrafficPolice/internal/service/expert.go:83.2,84.16 2 1
TrafficPolice/internal/service/expert.go:84.16,86.3 1 0
TrafficPolice/internal/service/expert.go:88.2,88.52 1 1
TrafficPolice/internal/service/expert.go:88.52,90.17 2 1
TrafficPolice/internal/service/expert.go:90.17,92.4 1 0
TrafficPolice/internal/service/expert.go:93.3,97.9 1 1
TrafficPolice/internal/service/expert.go:99.2,99.52 1 1
TrafficPolice/internal/service/expert.go:99.52,101.17 2 1
TrafficPolice/internal/service/expert.go:101.17,103.4 1 0
TrafficPolice/internal/service/expert.go:104.3,108.9 1 1
TrafficPolice/internal/service/expert.go:111.2,112.16 2 1
TrafficPolice/internal/service/expert.go:112.16,114.3 1 0
TrafficPolice/internal/service/expert.go:116.2,120.33 4 1
TrafficPolice/internal/service/expert.go:120.33,126.3 1 1
TrafficPolice/internal/service/expert.go:128.2,132.8 1 1
TrafficPolice/internal/service/expert.go:135.83,137.2 1 0
TrafficPolice/internal/service/img.go:20.33,22.2 1 0
TrafficPolice/internal/service/img.go:24.70,26.16 2 0
TrafficPolice/internal/service/img.go:26.16,29.3 2 0
TrafficPolice/internal/service/img.go:30.2,33.16 3 0
TrafficPolice/internal/service/img.go:33.16,36.3 2 0
TrafficPolice/internal/service/img.go:38.2,38.12 1 0
[...]
TrafficPolice/internal/transport/rabbitmq/mocks/FinePublisher.go:25.62,27.3 1 0
TrafficPolice/internal/transport/rabbitmq/mocks/FinePublisher.go:27.8,29.3 1 1
TrafficPolice/internal/transport/rabbitmq/mocks/FinePublisher.go:31.2,31.11 1 1
TrafficPolice/internal/transport/rabbitmq/mocks/FinePublisher.go:39.19,43.19 3 1
TrafficPolice/internal/transport/rabbitmq/mocks/FinePublisher.go:43.19,43.49 1 1
TrafficPolice/internal/transport/rabbitmq/mocks/FinePublisher.go:45.2,45.13 1 1
TrafficPolice/internal/transport/rest/auth.go:27.16,34.2 1 1
TrafficPolice/internal/transport/rest/auth.go:49.70,53.16 3 1
TrafficPolice/internal/transport/rest/auth.go:53.16,56.3 2 0
TrafficPolice/internal/transport/rest/auth.go:58.2,59.16 2 1
TrafficPolice/internal/transport/rest/auth.go:59.16,62.3 2 1
TrafficPolice/internal/transport/rest/auth.go:64.2,65.16 2 1
TrafficPolice/internal/transport/rest/auth.go:65.16,66.44 1 1
TrafficPolice/internal/transport/rest/auth.go:66.44,69.4 2 1
TrafficPolice/internal/transport/rest/auth.go:70.3,72.9 3 0
TrafficPolice/internal/transport/rest/auth.go:74.2,74.53 1 1
TrafficPolice/internal/transport/rest/auth.go:90.70,94.16 3 1
TrafficPolice/internal/transport/rest/auth.go:94.16,97.3 2 0
TrafficPolice/internal/transport/rest/auth.go:99.2,100.16 2 1
TrafficPolice/internal/transport/rest/auth.go:100.16,103.3 2 1
TrafficPolice/internal/transport/rest/auth.go:105.2,107.16 2 1
TrafficPolice/internal/transport/rest/auth.go:107.16,108.37 1 1
TrafficPolice/internal/transport/rest/auth.go:108.37,111.4 2 1
TrafficPolice/internal/transport/rest/auth.go:112.3,112.42 1 1
TrafficPolice/internal/transport/rest/auth.go:112.42,115.4 2 1
TrafficPolice/internal/transport/rest/auth.go:116.3,117.9 2 0
TrafficPolice/internal/transport/rest/auth.go:120.2,126.16 2 1
TrafficPolice/internal/transport/rest/auth.go:126.16,130.3 3 0
TrafficPolice/internal/transport/rest/auth.go:132.2,133.16 2 1
TrafficPolice/internal/transport/rest/auth.go:133.16,135.3 1 0
TrafficPolice/internal/transport/rest/auth.go:152.77,156.16 3 1
TrafficPolice/internal/transport/rest/auth.go:156.16,159.3 2 0
TrafficPolice/internal/transport/rest/auth.go:161.2,162.16 2 1
TrafficPolice/internal/transport/rest/auth.go:162.16,165.3 2 1
TrafficPolice/internal/transport/rest/auth.go:167.2,169.16 2 1
TrafficPolice/internal/transport/rest/auth.go:169.16,170.37 1 1
TrafficPolice/internal/transport/rest/auth.go:170.37,173.4 2 1
TrafficPolice/internal/transport/rest/auth.go:174.3,175.9 2 0
TrafficPolice/internal/transport/rest/auth.go:178.2,178.23 1 1
TrafficPolice/internal/transport/rest/auth.go:178.23,180.3 1 1
TrafficPolice/internal/transport/rest/auth.go:180.8,182.3 1 0
TrafficPolice/internal/transport/rest/camera.go:29.18,36.2 1 1
TrafficPolice/internal/transport/rest/camera.go:52.79,56.16 3 1
TrafficPolice/internal/transport/rest/camera.go:56.16,59.3 2 0
TrafficPolice/internal/transport/rest/camera.go:61.2,62.16 2 1
TrafficPolice/internal/transport/rest/camera.go:62.16,65.3 2 1
TrafficPolice/internal/transport/rest/camera.go:67.2,71.16 2 1
TrafficPolice/internal/transport/rest/camera.go:71.16,72.44 1 1
TrafficPolice/internal/transport/rest/camera.go:72.44,75.4 2 1
TrafficPolice/internal/transport/rest/camera.go:76.3,77.9 2 0
TrafficPolice/internal/transport/rest/camera.go:80.2,80.38 1 1
TrafficPolice/internal/transport/rest/camera.go:97.80,101.16 3 1
TrafficPolice/internal/transport/rest/camera.go:101.16,104.3 2 0
TrafficPolice/internal/transport/rest/camera.go:106.2,107.16 2 1
TrafficPolice/internal/transport/rest/camera.go:107.16,110.3 2 0
TrafficPolice/internal/transport/rest/camera.go:112.2,115.16 2 1
TrafficPolice/internal/transport/rest/camera.go:115.16,116.44 1 0
TrafficPolice/internal/transport/rest/camera.go:116.44,119.4 2 0
TrafficPolice/internal/transport/rest/camera.go:120.3,122.9 3 0
TrafficPolice/internal/transport/rest/camera.go:125.2,125.34 1 1
TrafficPolice/internal/transport/rest/case.go:36.16,45.2 1 0
TrafficPolice/internal/transport/rest/case.go:60.71,62.16 2 0
TrafficPolice/internal/transport/rest/case.go:62.16,65.3 2 0
TrafficPolice/internal/transport/rest/case.go:67.2,68.16 2 0
TrafficPolice/internal/transport/rest/case.go:68.16,69.43 1 0
TrafficPolice/internal/transport/rest/case.go:69.43,72.4 2 0
TrafficPolice/internal/transport/rest/case.go:73.3,73.46 1 0
TrafficPolice/internal/transport/rest/case.go:73.46,76.4 2 0
TrafficPolice/internal/transport/rest/case.go:77.3,77.48 1 0
TrafficPolice/internal/transport/rest/case.go:77.48,80.4 2 0
TrafficPolice/internal/transport/rest/case.go:81.3,83.9 3 0
TrafficPolice/internal/transport/rest/case.go:86.2,87.16 2 0
TrafficPolice/internal/transport/rest/case.go:87.16,88.42 1 0
TrafficPolice/internal/transport/rest/case.go:88.42,91.4 2 0
TrafficPolice/internal/transport/rest/case.go:92.3,94.9 3 0
TrafficPolice/internal/transport/rest/case.go:97.2,97.32 1 0
TrafficPolice/internal/transport/rest/case.go:115.77,117.18 2 0
TrafficPolice/internal/transport/rest/case.go:117.18,120.3 2 0
TrafficPolice/internal/transport/rest/case.go:122.2,123.16 2 0
TrafficPolice/internal/transport/rest/case.go:123.16,126.3 2 0
TrafficPolice/internal/transport/rest/case.go:128.2,130.16 3 0
TrafficPolice/internal/transport/rest/case.go:130.16,133.3 2 0
TrafficPolice/internal/transport/rest/case.go:135.2,137.16 3 0
TrafficPolice/internal/transport/rest/case.go:137.16,141.3 3 0
TrafficPolice/internal/transport/rest/case.go:143.2,144.16 2 0
TrafficPolice/internal/transport/rest/case.go:144.16,147.3 2 0
TrafficPolice/internal/transport/rest/case.go:149.2,149.54 1 0
TrafficPolice/internal/transport/rest/case.go:166.74,168.18 2 0
TrafficPolice/internal/transport/rest/case.go:168.18,171.3 2 0
TrafficPolice/internal/transport/rest/case.go:173.2,174.16 2 0
TrafficPolice/internal/transport/rest/case.go:174.16,175.38 1 0
TrafficPolice/internal/transport/rest/case.go:175.38,178.4 2 0
TrafficPolice/internal/transport/rest/case.go:179.3,181.9 3 0
TrafficPolice/internal/transport/rest/case.go:184.2,184.28 1 0
TrafficPolice/internal/transport/rest/contactinfo.go:21.84,23.2 1 0
TrafficPolice/internal/transport/rest/contactinfo.go:39.88,43.16 3 0
TrafficPolice/internal/transport/rest/contactinfo.go:43.16,46.3 2 0
TrafficPolice/internal/transport/rest/contactinfo.go:49.2,50.16 2 0
TrafficPolice/internal/transport/rest/contactinfo.go:50.16,53.3 2 0
TrafficPolice/internal/transport/rest/contactinfo.go:54.2,57.16 3 0
TrafficPolice/internal/transport/rest/contactinfo.go:57.16,61.3 3 0
TrafficPolice/internal/transport/rest/contactinfo.go:63.2,64.16 2 0
TrafficPolice/internal/transport/rest/contactinfo.go:64.16,68.3 3 0
TrafficPolice/internal/transport/rest/contactinfo.go:70.2,72.27 2 0
TrafficPolice/internal/transport/rest/contactinfo.go:72.27,87.39 4 0
TrafficPolice/internal/transport/rest/contactinfo.go:87.39,89.4 1 0
TrafficPolice/internal/transport/rest/contactinfo.go:90.3,90.61 1 0
TrafficPolice/internal/transport/rest/contactinfo.go:93.2,94.16 2 0
TrafficPolice/internal/transport/rest/contactinfo.go:94.16,98.3 3 0
TrafficPolice/internal/transport/rest/contactinfo.go:100.2,100.58 1 0
TrafficPolice/internal/transport/rest/director.go:32.20,38.2 1 1
TrafficPolice/internal/transport/rest/director.go:52.76,54.16 2 1
TrafficPolice/internal/transport/rest/director.go:54.16,55.37 1 1
TrafficPolice/internal/transport/rest/director.go:55.37,58.4 2 1
TrafficPolice/internal/transport/rest/director.go:59.3,60.34 2 0
TrafficPolice/internal/transport/rest/director.go:63.2,64.16 2 1
TrafficPolice/internal/transport/rest/director.go:64.16,66.3 1 0
TrafficPolice/internal/transport/rest/director.go:68.2,68.54 1 1
TrafficPolice/internal/transport/rest/director.go:88.83,90.20 2 1
TrafficPolice/internal/transport/rest/director.go:90.20,93.3 2 1
TrafficPolice/internal/transport/rest/director.go:95.2,96.16 2 1
TrafficPolice/internal/transport/rest/director.go:96.16,99.3 2 1
TrafficPolice/internal/transport/rest/director.go:101.2,102.16 2 1
TrafficPolice/internal/transport/rest/director.go:102.16,105.3 2 1
TrafficPolice/internal/transport/rest/director.go:107.2,108.16 2 1
TrafficPolice/internal/transport/rest/director.go:108.16,109.46 1 1
TrafficPolice/internal/transport/rest/director.go:109.46,112.4 2 1
TrafficPolice/internal/transport/rest/director.go:113.3,113.37 1 1
TrafficPolice/internal/transport/rest/director.go:113.37,116.4 2 1
TrafficPolice/internal/transport/rest/director.go:117.3,119.9 3 0
TrafficPolice/internal/transport/rest/director.go:122.2,123.16 2 1
TrafficPolice/internal/transport/rest/director.go:123.16,126.3 2 0
TrafficPolice/internal/transport/rest/director.go:128.2,128.58 1 1
TrafficPolice/internal/transport/rest/director.go:131.90,133.21 2 1
TrafficPolice/internal/transport/rest/director.go:133.21,135.3 1 0
TrafficPolice/internal/transport/rest/director.go:137.2,138.16 2 1
TrafficPolice/internal/transport/rest/director.go:138.16,140.3 1 1
TrafficPolice/internal/transport/rest/director.go:142.2,142.18 1 1
TrafficPolice/internal/transport/rest/expert.go:45.18,55.2 1 1
TrafficPolice/internal/transport/rest/expert.go:72.81,74.20 2 0
TrafficPolice/internal/transport/rest/expert.go:74.20,77.3 2 0
TrafficPolice/internal/transport/rest/expert.go:79.2,80.16 2 0
TrafficPolice/internal/transport/rest/expert.go:80.16,83.3 2 0
TrafficPolice/internal/transport/rest/expert.go:85.2,87.16 3 0
TrafficPolice/internal/transport/rest/expert.go:87.16,90.3 2 0
TrafficPolice/internal/transport/rest/expert.go:92.2,94.16 3 0
TrafficPolice/internal/transport/rest/expert.go:94.16,98.3 3 0
TrafficPolice/internal/transport/rest/expert.go:100.2,101.16 2 0
TrafficPolice/internal/transport/rest/expert.go:101.16,105.3 3 0
TrafficPolice/internal/transport/rest/expert.go:107.2,107.54 1 0
TrafficPolice/internal/transport/rest/expert.go:124.78,126.20 2 0
TrafficPolice/internal/transport/rest/expert.go:126.20,129.3 2 0
TrafficPolice/internal/transport/rest/expert.go:131.2,132.16 2 0
TrafficPolice/internal/transport/rest/expert.go:132.16,133.38 1 0
TrafficPolice/internal/transport/rest/expert.go:133.38,136.4 2 0
TrafficPolice/internal/transport/rest/expert.go:137.3,139.9 3 0
TrafficPolice/internal/transport/rest/expert.go:142.2,142.28 1 0
TrafficPolice/internal/transport/rest/expert.go:158.82,160.9 2 1
TrafficPolice/internal/transport/rest/expert.go:160.9,163.3 2 0
TrafficPolice/internal/transport/rest/expert.go:165.2,166.16 2 1
TrafficPolice/internal/transport/rest/expert.go:166.16,167.44 1 1
TrafficPolice/internal/transport/rest/expert.go:167.44,169.4 1 1
TrafficPolice/internal/transport/rest/expert.go:170.3,170.80 1 1
TrafficPolice/internal/transport/rest/expert.go:170.80,173.4 2 1
TrafficPolice/internal/transport/rest/expert.go:174.3,176.9 3 1
TrafficPolice/internal/transport/rest/expert.go:179.2,180.16 2 1
TrafficPolice/internal/transport/rest/expert.go:180.16,184.3 3 0
TrafficPolice/internal/transport/rest/expert.go:186.2,186.50 1 1
TrafficPolice/internal/transport/rest/expert.go:203.81,208.16 4 1
TrafficPolice/internal/transport/rest/expert.go:208.16,211.3 2 0
TrafficPolice/internal/transport/rest/expert.go:213.2,214.16 2 1
TrafficPolice/internal/transport/rest/expert.go:214.16,215.44 1 1
TrafficPolice/internal/transport/rest/expert.go:215.44,218.4 2 1
TrafficPolice/internal/transport/rest/expert.go:219.3,221.9 3 0
TrafficPolice/internal/transport/rest/expert.go:224.2,228.16 2 1
TrafficPolice/internal/transport/rest/expert.go:228.16,232.3 3 0
TrafficPolice/internal/transport/rest/expert.go:234.2,234.27 1 1
TrafficPolice/internal/transport/rest/expert.go:234.27,236.17 2 1
TrafficPolice/internal/transport/rest/expert.go:236.17,239.4 2 0
TrafficPolice/internal/transport/rest/expert.go:242.2,242.33 1 1
TrafficPolice/internal/transport/rest/expert.go:242.33,244.17 2 1
TrafficPolice/internal/transport/rest/expert.go:244.17,247.4 2 0
TrafficPolice/internal/transport/rest/expert.go:248.3,250.17 3 1
TrafficPolice/internal/transport/rest/expert.go:250.17,253.4 2 0
TrafficPolice/internal/transport/rest/expert.go:254.3,259.17 2 1
TrafficPolice/internal/transport/rest/expert.go:259.17,262.4 2 0
TrafficPolice/internal/transport/rest/expert.go:265.2,265.44 1 1
TrafficPolice/internal/transport/rest/expert.go:268.77,270.16 2 1
TrafficPolice/internal/transport/rest/expert.go:270.16,272.3 1 0
TrafficPolice/internal/transport/rest/expert.go:274.2,275.16 2 1
TrafficPolice/internal/transport/rest/expert.go:275.16,277.3 1 0
TrafficPolice/internal/transport/rest/expert.go:279.2,281.29 2 1
TrafficPolice/internal/transport/rest/parseimg.go:22.101,28.16 3 0
TrafficPolice/internal/transport/rest/parseimg.go:28.16,31.3 2 0
TrafficPolice/internal/transport/rest/parseimg.go:34.2,35.16 2 0
TrafficPolice/internal/transport/rest/parseimg.go:35.16,37.3 1 0
TrafficPolice/internal/transport/rest/parseimg.go:39.2,39.26 1 0
TrafficPolice/internal/transport/rest/parseimg.go:42.58,44.20 2 0
TrafficPolice/internal/transport/rest/parseimg.go:44.20,46.3 1 0
TrafficPolice/internal/transport/rest/parseimg.go:48.2,51.30 3 0
TrafficPolice/internal/transport/rest/parseimg.go:51.30,53.3 1 0
TrafficPolice/internal/transport/rest/parseimg.go:55.2,56.15 2 0
TrafficPolice/internal/transport/rest/parseimg.go:56.15,58.3 1 0
TrafficPolice/internal/transport/rest/parseimg.go:58.8,60.3 1 0
TrafficPolice/internal/transport/rest/rating.go:22.18,27.2 1 0
TrafficPolice/internal/transport/rest/rating.go:41.75,43.16 2 0
TrafficPolice/internal/transport/rest/rating.go:43.16,44.37 1 0
TrafficPolice/internal/transport/rest/rating.go:44.37,47.4 2 0
TrafficPolice/internal/transport/rest/rating.go:48.3,49.34 2 0
TrafficPolice/internal/transport/rest/rating.go:52.2,53.16 2 0
TrafficPolice/internal/transport/rest/rating.go:53.16,56.3 2 0
TrafficPolice/internal/transport/rest/rating.go:58.2,58.55 1 0
TrafficPolice/internal/transport/rest/training.go:42.20,51.2 1 0
TrafficPolice/internal/transport/rest/training.go:69.90,71.16 2 0
TrafficPolice/internal/transport/rest/training.go:71.16,74.3 2 0
TrafficPolice/internal/transport/rest/training.go:76.2,77.16 2 0
TrafficPolice/internal/transport/rest/training.go:77.16,80.3 2 0
TrafficPolice/internal/transport/rest/training.go:82.2,85.16 3 0
TrafficPolice/internal/transport/rest/training.go:85.16,88.3 2 0
TrafficPolice/internal/transport/rest/training.go:90.2,91.16 2 0
TrafficPolice/internal/transport/rest/training.go:91.16,94.3 2 0
TrafficPolice/internal/transport/rest/training.go:96.2,105.16 3 0
TrafficPolice/internal/transport/rest/training.go:105.16,106.37 1 0
TrafficPolice/internal/transport/rest/training.go:106.37,109.4 2 0
TrafficPolice/internal/transport/rest/training.go:110.3,112.9 3 0
TrafficPolice/internal/transport/rest/training.go:115.2,116.16 2 0
TrafficPolice/internal/transport/rest/training.go:116.16,119.3 2 0
TrafficPolice/internal/transport/rest/training.go:121.2,127.16 3 0
TrafficPolice/internal/transport/rest/training.go:127.16,131.3 3 0
TrafficPolice/internal/transport/rest/training.go:133.2,133.52 1 0
TrafficPolice/internal/transport/rest/training.go:136.103,139.22 2 0
TrafficPolice/internal/transport/rest/training.go:139.22,141.3 1 0
TrafficPolice/internal/transport/rest/training.go:143.2,144.16 2 0
TrafficPolice/internal/transport/rest/training.go:144.16,146.3 1 0
TrafficPolice/internal/transport/rest/training.go:148.2,148.16 1 0
TrafficPolice/internal/transport/rest/training.go:148.16,150.3 1 0
TrafficPolice/internal/transport/rest/training.go:151.2,151.19 1 0
TrafficPolice/internal/transport/rest/violation.go:23.78,25.2 1 0
TrafficPolice/internal/transport/rest/violation.go:41.85,45.16 3 0
TrafficPolice/internal/transport/rest/violation.go:45.16,49.3 3 0
TrafficPolice/internal/transport/rest/violation.go:52.2,53.16 2 0
TrafficPolice/internal/transport/rest/violation.go:53.16,57.3 3 0
TrafficPolice/internal/transport/rest/violation.go:58.2,61.16 3 0
TrafficPolice/internal/transport/rest/violation.go:61.16,64.3 2 0
TrafficPolice/internal/transport/rest/violation.go:66.2,67.16 2 0
TrafficPolice/internal/transport/rest/violation.go:67.16,71.3 3 0
TrafficPolice/internal/transport/rest/violation.go:73.2,76.16 3 0
TrafficPolice/internal/transport/rest/violation.go:76.16,79.3 2 0
TrafficPolice/internal/transport/rest/violation.go:81.2,81.56 1 0
TrafficPolice/internal/transport/rest/violation.go:84.81,87.27 2 0
TrafficPolice/internal/transport/rest/violation.go:87.27,89.27 2 0
TrafficPolice/internal/transport/rest/violation.go:89.27,90.17 1 0
TrafficPolice/internal/transport/rest/violation.go:90.17,92.5 1 0
TrafficPolice/internal/transport/rest/violation.go:93.4,93.9 1 0
TrafficPolice/internal/transport/rest/violation.go:95.3,95.15 1 0
TrafficPolice/internal/transport/rest/violation.go:95.15,96.12 1 0
TrafficPolice/internal/transport/rest/violation.go:98.3,99.17 2 0
TrafficPolice/internal/transport/rest/violation.go:99.17,100.12 1 0
TrafficPolice/internal/transport/rest/violation.go:103.3,108.37 2 0
TrafficPolice/internal/transport/rest/violation.go:111.2,111.19 1 0
TrafficPolice/internal/transport/rest/response/response.go:17.68,22.16 4 1
TrafficPolice/internal/transport/rest/response/response.go:22.16,25.3 2 0
TrafficPolice/internal/transport/rest/response/response.go:28.66,31.16 3 1
TrafficPolice/internal/transport/rest/response/response.go:31.16,35.3 3 0
TrafficPolice/internal/transport/rest/response/response.go:37.2,37.32 1 1
TrafficPolice/internal/transport/rest/response/response.go:40.53,42.2 1 1
TrafficPolice/internal/transport/rest/response/response.go:44.51,46.2 1 1
TrafficPolice/internal/transport/rest/response/response.go:48.52,50.2 1 1
TrafficPolice/internal/transport/rest/response/response.go:52.39,54.2 1 1
TrafficPolice/internal/transport/rest/response/response.go:56.51,58.2 1 1
TrafficPolice/internal/transport/rest/response/response.go:60.49,62.2 1 1
TrafficPolice/internal/transport/rest/response/response.go:64.42,67.2 2 1
TrafficPolice/internal/transport/rest/response/response.go:69.51,72.16 3 1
TrafficPolice/internal/transport/rest/response/response.go:72.16,76.3 3 0
TrafficPolice/internal/transport/rest/response/response.go:78.2,78.39 1 1
TrafficPolice/internal/transport/rest/response/response.go:81.47,83.2 1 0
TrafficPolice/pkg/hash/hash.go:17.45,19.2 1 0
TrafficPolice/pkg/hash/hash.go:22.60,25.56 2 0
TrafficPolice/pkg/hash/hash.go:25.56,27.3 1 0
TrafficPolice/pkg/hash/hash.go:29.2,29.57 1 0
TrafficPolice/pkg/imagereader/imagereader.go:17.35,19.2 1 0
TrafficPolice/pkg/imagereader/imagereader.go:21.61,23.16 2 0
TrafficPolice/pkg/imagereader/imagereader.go:23.16,25.3 1 0
TrafficPolice/pkg/imagereader/imagereader.go:27.2,27.17 1 0
TrafficPolice/pkg/imagereader/imagereader.go:30.60,33.2 2 0
TrafficPolice/pkg/imagereader/mocks/ImageReader.go:13.61,16.19 2 1
TrafficPolice/pkg/imagereader/mocks/ImageReader.go:16.19,17.54 1 0
TrafficPolice/pkg/imagereader/mocks/ImageReader.go:20.2,21.52 2 1
TrafficPolice/pkg/imagereader/mocks/ImageReader.go:21.52,23.3 1 0
TrafficPolice/pkg/imagereader/mocks/ImageReader.go:23.8,25.3 1 1
TrafficPolice/pkg/imagereader/mocks/ImageReader.go:27.2,27.11 1 1
TrafficPolice/pkg/imagereader/mocks/ImageReader.go:31.62,34.19 2 1
TrafficPolice/pkg/imagereader/mocks/ImageReader.go:34.19,35.46 1 0
TrafficPolice/pkg/imagereader/mocks/ImageReader.go:38.2,40.61 3 1
TrafficPolice/pkg/imagereader/mocks/ImageReader.go:40.61,42.3 1 0
TrafficPolice/pkg/imagereader/mocks/ImageReader.go:43.2,43.52 1 1
TrafficPolice/pkg/imagereader/mocks/ImageReader.go:43.52,45.3 1 0
TrafficPolice/pkg/imagereader/mocks/ImageReader.go:45.8,46.24 1 1
TrafficPolice/pkg/imagereader/mocks/ImageReader.go:46.24,48.4 1 1
TrafficPolice/pkg/imagereader/mocks/ImageReader.go:51.2,51.51 1 1
TrafficPolice/pkg/imagereader/mocks/ImageReader.go:51.51,53.3 1 0
TrafficPolice/pkg/imagereader/mocks/ImageReader.go:53.8,55.3 1 1
TrafficPolice/pkg/imagereader/mocks/ImageReader.go:57.2,57.15 1 1
TrafficPolice/pkg/imagereader/mocks/ImageReader.go:65.17,69.19 3 1
TrafficPolice/pkg/imagereader/mocks/ImageReader.go:69.19,69.49 1 1
TrafficPolice/pkg/imagereader/mocks/ImageReader.go:71.2,71.13 1 1
